{
  "stats": {
    "suites": 21,
    "tests": 41,
    "passes": 40,
    "pending": 0,
    "failures": 1,
    "testsRegistered": 41,
    "passPercent": 97.5609756097561,
    "pendingPercent": 0,
    "other": 0,
    "hasOther": false,
    "skipped": 0,
    "hasSkipped": false,
    "start": "2024-12-08T02:56:40.669Z",
    "end": "2024-12-08T03:00:21.408Z",
    "duration": 220739
  },
  "results": [
    {
      "uuid": "88c0200f-37bd-4918-812f-ea26a42f5829",
      "title": "",
      "fullFile": "cypress\\e2e\\automation-test-store\\alias-invoke.js",
      "file": "cypress\\e2e\\automation-test-store\\alias-invoke.js",
      "beforeHooks": [],
      "afterHooks": [],
      "tests": [],
      "suites": [
        {
          "uuid": "aef50221-ed36-456b-a8fb-5e72b8b7e616",
          "title": "Alias and Invoke",
          "fullFile": "",
          "file": "",
          "beforeHooks": [],
          "afterHooks": [],
          "tests": [
            {
              "title": "Calculate total of normal and sales products",
              "fullTitle": "Alias and Invoke Calculate total of normal and sales products",
              "timedOut": null,
              "duration": 4619,
              "state": "failed",
              "speed": null,
              "pass": false,
              "fail": true,
              "pending": false,
              "context": null,
              "code": "cy.visit(\"https://www.automationteststore.com/\");\ncy.get('.thumbnail').as('productThumbnail');\n// cy.get('@productThumbnail').find('.oneprice').each(($el, index, $list) =>{\n//     cy.log($el.text())\n// })\ncy.get('.thumbnail').find('.oneprice').invoke('text').as('itemPriceNonSale');\ncy.get('.thumbnail').find('.pricenew').invoke('text').as('itemPriceSale');\nvar grandTtl = 0;\ncy.get('@itemPriceNonSale').then($linkText => {\n  var itemPriceTotalNonSale = 0;\n  var itemPrice = $linkText.split('$');\n  var i;\n  for (i = 0; i < itemPrice.length; i++) {\n    itemPriceTotalNonSale += Number(itemPrice[i]);\n  }\n  ;\n  cy.log('Non-Sale Items price total: $' + itemPriceTotalNonSale);\n  grandTtl += itemPriceTotalNonSale;\n});\ncy.get('@itemPriceSale').then($linkTextSale => {\n  var itemPriceTotalSalePrice = 0;\n  var itemPriceSale = $linkTextSale.split('$');\n  var i;\n  for (i = 0; i < itemPriceSale.length; i++) {\n    itemPriceTotalSalePrice += Number(itemPriceSale[i]);\n  }\n  ;\n  grandTtl += itemPriceTotalSalePrice;\n  cy.log('Sale Items price total: $' + itemPriceTotalSalePrice);\n}).then(() => {\n  cy.log('The Grand Total is: $' + grandTtl);\n  expect(grandTtl).to.equals(648.5);\n});",
              "err": {
                "message": "AssertionError: expected 573.5 to equal 648.5",
                "estack": "AssertionError: expected 573.5 to equal 648.5\n    at Context.eval (webpack:///./cypress/e2e/automation-test-store/alias-invoke.js:68:32)",
                "diff": "- 573.5\n+ 648.5\n"
              },
              "uuid": "a80156a5-1471-49a1-a017-523ff907c92f",
              "parentUUID": "aef50221-ed36-456b-a8fb-5e72b8b7e616",
              "isHook": false,
              "skipped": false
            }
          ],
          "suites": [],
          "passes": [],
          "failures": [
            "a80156a5-1471-49a1-a017-523ff907c92f"
          ],
          "pending": [],
          "skipped": [],
          "duration": 4619,
          "root": false,
          "rootEmpty": false,
          "_timeout": 2000
        }
      ],
      "passes": [],
      "failures": [],
      "pending": [],
      "skipped": [],
      "duration": 0,
      "root": true,
      "rootEmpty": true,
      "_timeout": 2000
    },
    {
      "uuid": "83f60523-4568-454f-a612-0606aaf14a0a",
      "title": "",
      "fullFile": "cypress\\e2e\\automation-test-store\\contact-us.js",
      "file": "cypress\\e2e\\automation-test-store\\contact-us.js",
      "beforeHooks": [],
      "afterHooks": [],
      "tests": [],
      "suites": [
        {
          "uuid": "1b6a0e48-5f37-48d5-9ca5-b016fe37f912",
          "title": "Test Contact Us Page via Automation Test Store",
          "fullFile": "",
          "file": "",
          "beforeHooks": [],
          "afterHooks": [],
          "tests": [
            {
              "title": "Should be able to submit a successfull submission via contact us form",
              "fullTitle": "Test Contact Us Page via Automation Test Store Should be able to submit a successfull submission via contact us form",
              "timedOut": null,
              "duration": 46976,
              "state": "passed",
              "speed": "slow",
              "pass": true,
              "fail": false,
              "pending": false,
              "context": null,
              "code": "cy.visit(\"https://www.automationteststore.com/\");\ncy.xpath('//a[text()=\"Contact Us\"]').click().then(function (linkHeaderText) {\n  cy.log(\"Link text: \" + linkHeaderText.text());\n});\ncy.get('@user').then(user => {\n  cy.xpath('//*[@id=\"ContactUsFrm_first_name\"]').type(user.firstName);\n  cy.xpath('//*[@id=\"ContactUsFrm_email\"]').type(user.email);\n});\ncy.xpath('//*[@id=\"ContactUsFrm_enquiry\"]').type(\"enquiry text test\");\ncy.xpath('//*[@id=\"ContactUsFrm\"]//button[@type=\"submit\"]').click();\ncy.xpath('//p[contains(text(),\"successfully sent\")]').should('contain.text', \"successfully\");",
              "err": {},
              "uuid": "62c22eca-df4d-4f47-a3e2-cb18197967ce",
              "parentUUID": "1b6a0e48-5f37-48d5-9ca5-b016fe37f912",
              "isHook": false,
              "skipped": false
            }
          ],
          "suites": [],
          "passes": [
            "62c22eca-df4d-4f47-a3e2-cb18197967ce"
          ],
          "failures": [],
          "pending": [],
          "skipped": [],
          "duration": 46976,
          "root": false,
          "rootEmpty": false,
          "_timeout": 2000
        }
      ],
      "passes": [],
      "failures": [],
      "pending": [],
      "skipped": [],
      "duration": 0,
      "root": true,
      "rootEmpty": true,
      "_timeout": 2000
    },
    {
      "uuid": "0050f7a8-83e0-4356-958d-2b6ab6fb330b",
      "title": "",
      "fullFile": "cypress\\e2e\\automation-test-store\\inspect-item.js",
      "file": "cypress\\e2e\\automation-test-store\\inspect-item.js",
      "beforeHooks": [],
      "afterHooks": [],
      "tests": [],
      "suites": [
        {
          "uuid": "fcabd6f3-d309-4a07-8615-83dbcf7cb963",
          "title": "Inspect store items using chain of commands",
          "fullFile": "",
          "file": "",
          "beforeHooks": [],
          "afterHooks": [],
          "tests": [
            {
              "title": "Click on the first item searching for it as the first product of same class",
              "fullTitle": "Inspect store items using chain of commands Click on the first item searching for it as the first product of same class",
              "timedOut": null,
              "duration": 6056,
              "state": "passed",
              "speed": "medium",
              "pass": true,
              "fail": false,
              "pending": false,
              "context": null,
              "code": "cy.visit(\"https://www.automationteststore.com/\");\ncy.xpath(\"(//a[@class='prdocutname'])[1]\").click();",
              "err": {},
              "uuid": "807e12cf-4aa5-4757-b72f-9d59dcc7dfc1",
              "parentUUID": "fcabd6f3-d309-4a07-8615-83dbcf7cb963",
              "isHook": false,
              "skipped": false
            },
            {
              "title": "Click on the first item using text and chain of commands",
              "fullTitle": "Inspect store items using chain of commands Click on the first item using text and chain of commands",
              "timedOut": null,
              "duration": 5303,
              "state": "passed",
              "speed": "medium",
              "pass": true,
              "fail": false,
              "pending": false,
              "context": null,
              "code": "cy.visit(\"https://www.automationteststore.com/\");\ncy.xpath(\"(//a[@class='prdocutname'])\").contains('Skinsheen Bronzer Stick').click().then(function (itemHeaderText) {\n  cy.log(\"Item selected: \" + itemHeaderText.text());\n});",
              "err": {},
              "uuid": "4494971c-86d9-4deb-bc18-8b4cb3836ad8",
              "parentUUID": "fcabd6f3-d309-4a07-8615-83dbcf7cb963",
              "isHook": false,
              "skipped": false
            },
            {
              "title": "Click on the first item using index",
              "fullTitle": "Inspect store items using chain of commands Click on the first item using index",
              "timedOut": null,
              "duration": 5197,
              "state": "passed",
              "speed": "medium",
              "pass": true,
              "fail": false,
              "pending": false,
              "context": null,
              "code": "cy.visit(\"https://www.automationteststore.com/\");\ncy.xpath(\"//*[@class='fixed_wrapper']\").find('.prdocutname').eq(0).click();",
              "err": {},
              "uuid": "3a3d1aed-f6d8-4de4-bdaa-d714d41c9849",
              "parentUUID": "fcabd6f3-d309-4a07-8615-83dbcf7cb963",
              "isHook": false,
              "skipped": false
            }
          ],
          "suites": [],
          "passes": [
            "807e12cf-4aa5-4757-b72f-9d59dcc7dfc1",
            "4494971c-86d9-4deb-bc18-8b4cb3836ad8",
            "3a3d1aed-f6d8-4de4-bdaa-d714d41c9849"
          ],
          "failures": [],
          "pending": [],
          "skipped": [],
          "duration": 16556,
          "root": false,
          "rootEmpty": false,
          "_timeout": 2000
        }
      ],
      "passes": [],
      "failures": [],
      "pending": [],
      "skipped": [],
      "duration": 0,
      "root": true,
      "rootEmpty": true,
      "_timeout": 2000
    },
    {
      "uuid": "d756fb35-2cf2-423a-8ca7-3c3c757e0f59",
      "title": "",
      "fullFile": "cypress\\e2e\\automation-test-store\\iterate-over-elements.js",
      "file": "cypress\\e2e\\automation-test-store\\iterate-over-elements.js",
      "beforeHooks": [],
      "afterHooks": [],
      "tests": [],
      "suites": [
        {
          "uuid": "9deeff7d-1cc1-48f8-8a10-4cd74230612b",
          "title": "Iterate over elements",
          "fullFile": "",
          "file": "",
          "beforeHooks": [],
          "afterHooks": [],
          "tests": [
            {
              "title": "Click on the first item searching for it as the first product of same class",
              "fullTitle": "Iterate over elements Click on the first item searching for it as the first product of same class",
              "timedOut": null,
              "duration": 5878,
              "state": "passed",
              "speed": "medium",
              "pass": true,
              "fail": false,
              "pending": false,
              "context": null,
              "code": "cy.get('.fixed_wrapper .prdocutname').each(($el, index, $list) => {\n  cy.log(\"Index: \" + index + \" : \" + $el.text());\n});",
              "err": {},
              "uuid": "d848a16f-645d-4d83-b3ad-6d1a7e1f3fbd",
              "parentUUID": "9deeff7d-1cc1-48f8-8a10-4cd74230612b",
              "isHook": false,
              "skipped": false
            },
            {
              "title": "Add a specific product to the basket",
              "fullTitle": "Iterate over elements Add a specific product to the basket",
              "timedOut": null,
              "duration": 5786,
              "state": "passed",
              "speed": "medium",
              "pass": true,
              "fail": false,
              "pending": false,
              "context": null,
              "code": "cy.selectProduct('Eau Parfumee au The Vert Shampoo');",
              "err": {},
              "uuid": "bc3e4c71-0317-42ce-9b56-73f03a10703e",
              "parentUUID": "9deeff7d-1cc1-48f8-8a10-4cd74230612b",
              "isHook": false,
              "skipped": false
            },
            {
              "title": "Add a specific product to the basket 2",
              "fullTitle": "Iterate over elements Add a specific product to the basket 2",
              "timedOut": null,
              "duration": 7422,
              "state": "passed",
              "speed": "medium",
              "pass": true,
              "fail": false,
              "pending": false,
              "context": null,
              "code": "cy.selectProduct('Pantene Pro-V Conditioner, Classic Care');",
              "err": {},
              "uuid": "5a8f5dc6-376b-471f-82b8-675ad845c049",
              "parentUUID": "9deeff7d-1cc1-48f8-8a10-4cd74230612b",
              "isHook": false,
              "skipped": false
            }
          ],
          "suites": [],
          "passes": [
            "d848a16f-645d-4d83-b3ad-6d1a7e1f3fbd",
            "bc3e4c71-0317-42ce-9b56-73f03a10703e",
            "5a8f5dc6-376b-471f-82b8-675ad845c049"
          ],
          "failures": [],
          "pending": [],
          "skipped": [],
          "duration": 19086,
          "root": false,
          "rootEmpty": false,
          "_timeout": 2000
        }
      ],
      "passes": [],
      "failures": [],
      "pending": [],
      "skipped": [],
      "duration": 0,
      "root": true,
      "rootEmpty": true,
      "_timeout": 2000
    },
    {
      "uuid": "3e604c34-a1df-4bc0-9aeb-374a61a94168",
      "title": "",
      "fullFile": "cypress\\e2e\\automation-test-store\\variables-and-cy-commands.js",
      "file": "cypress\\e2e\\automation-test-store\\variables-and-cy-commands.js",
      "beforeHooks": [],
      "afterHooks": [],
      "tests": [],
      "suites": [
        {
          "uuid": "944a58ff-43ae-43e9-bba0-9a83d01009d9",
          "title": "Verify variables, cypress commands and jquery commands",
          "fullFile": "",
          "file": "",
          "beforeHooks": [],
          "afterHooks": [],
          "tests": [
            {
              "title": "Navigate to specific product pages",
              "fullTitle": "Verify variables, cypress commands and jquery commands Navigate to specific product pages",
              "timedOut": null,
              "duration": 7150,
              "state": "passed",
              "speed": "medium",
              "pass": true,
              "fail": false,
              "pending": false,
              "context": null,
              "code": "cy.visit(\"https://www.automationteststore.com/\");\n// const makeupLink = cy.get(\"a[href*='product/category&path']\").contains('Makeup')\n// const skincareLink = cy.get(\"a[href*='product/category&path']\").contains('Skincare')\n// makeupLink.click();\n// skincareLink.click();\ncy.get(\"a[href*='product/category&path']\").contains('Makeup').click();\ncy.get(\"a[href*='product/category&path']\").contains('Skincare').click();",
              "err": {},
              "uuid": "b888856f-7198-453c-a176-9bdbf8040460",
              "parentUUID": "944a58ff-43ae-43e9-bba0-9a83d01009d9",
              "isHook": false,
              "skipped": false
            },
            {
              "title": "Navigate to Makeup section and find makeup header text",
              "fullTitle": "Verify variables, cypress commands and jquery commands Navigate to Makeup section and find makeup header text",
              "timedOut": null,
              "duration": 5038,
              "state": "passed",
              "speed": "medium",
              "pass": true,
              "fail": false,
              "pending": false,
              "context": null,
              "code": "cy.visit(\"https://www.automationteststore.com/\");\ncy.get(\"a[href*='product/category&path']\").contains('Makeup').click();\ncy.xpath(\"//h1/span[@class='maintext']\").then($headerText => {\n  const headerText = $headerText.text();\n  cy.log(\"Header text: \" + headerText);\n  expect(headerText).is.eq('Makeup');\n});",
              "err": {},
              "uuid": "b153ce16-ca5e-429d-b9e9-c96a750911c0",
              "parentUUID": "944a58ff-43ae-43e9-bba0-9a83d01009d9",
              "isHook": false,
              "skipped": false
            },
            {
              "title": "Validate properties of the contact us page",
              "fullTitle": "Verify variables, cypress commands and jquery commands Validate properties of the contact us page",
              "timedOut": null,
              "duration": 637,
              "state": "passed",
              "speed": "fast",
              "pass": true,
              "fail": false,
              "pending": false,
              "context": null,
              "code": "cy.visit(\"https://automationteststore.com/index.php?rt=content/contact\");\n//Use Cypress commands and chaining\ncy.xpath(\"//label[@for='ContactUsFrm_first_name']\").should('have.text', 'First name:');\n//Jquery approach\ncy.xpath(\"//label[@for='ContactUsFrm_first_name']\").then(textFN => {\n  const firstNameText = textFN.text();\n  expect(firstNameText).to.contain('First name');\n  //Embeded commands (Closure)\n  cy.xpath(\"//label[@for='ContactUsFrm_first_name']\").then(textNested => {\n    cy.log(textNested.text());\n  });\n});",
              "err": {},
              "uuid": "9150efae-a619-4215-8bd8-8f1aa0828dd4",
              "parentUUID": "944a58ff-43ae-43e9-bba0-9a83d01009d9",
              "isHook": false,
              "skipped": false
            }
          ],
          "suites": [],
          "passes": [
            "b888856f-7198-453c-a176-9bdbf8040460",
            "b153ce16-ca5e-429d-b9e9-c96a750911c0",
            "9150efae-a619-4215-8bd8-8f1aa0828dd4"
          ],
          "failures": [],
          "pending": [],
          "skipped": [],
          "duration": 12825,
          "root": false,
          "rootEmpty": false,
          "_timeout": 2000
        }
      ],
      "passes": [],
      "failures": [],
      "pending": [],
      "skipped": [],
      "duration": 0,
      "root": true,
      "rootEmpty": true,
      "_timeout": 2000
    },
    {
      "uuid": "2b765414-daea-4ad5-a3ad-7f68cb080745",
      "title": "",
      "fullFile": "cypress\\e2e\\other\\same-origin-policy.js",
      "file": "cypress\\e2e\\other\\same-origin-policy.js",
      "beforeHooks": [],
      "afterHooks": [],
      "tests": [],
      "suites": [
        {
          "uuid": "724d87e9-78f2-410f-bed0-87679b11b5a1",
          "title": "Cypress web security",
          "fullFile": "",
          "file": "",
          "beforeHooks": [],
          "afterHooks": [],
          "tests": [
            {
              "title": "Validate visiting 2 different domains",
              "fullTitle": "Cypress web security Validate visiting 2 different domains",
              "timedOut": null,
              "duration": 5471,
              "state": "passed",
              "speed": "medium",
              "pass": true,
              "fail": false,
              "pending": false,
              "context": null,
              "code": "cy.visit(\"https://www.automationteststore.com/\");\ncy.visit(\"https://www.google.com/\");",
              "err": {},
              "uuid": "9364cd72-5e26-4c03-9b26-e9189b13a798",
              "parentUUID": "724d87e9-78f2-410f-bed0-87679b11b5a1",
              "isHook": false,
              "skipped": false
            },
            {
              "title": "Validate visiting a different domain by clicking on link",
              "fullTitle": "Cypress web security Validate visiting a different domain by clicking on link",
              "timedOut": null,
              "duration": 5378,
              "state": "passed",
              "speed": "medium",
              "pass": true,
              "fail": false,
              "pending": false,
              "context": null,
              "code": "//cy.visit(\"https://www.webdriveruniversity.com/Contact-Us/contactus.html\");\ncy.visit(\"https://www.webdriveruniversity.com/\");\ncy.get('#automation-test-store').invoke('removeAttr', 'target').click({\n  force: true\n});",
              "err": {},
              "uuid": "0f8ab85e-da1c-47c2-acec-37f0281549fa",
              "parentUUID": "724d87e9-78f2-410f-bed0-87679b11b5a1",
              "isHook": false,
              "skipped": false
            }
          ],
          "suites": [],
          "passes": [
            "9364cd72-5e26-4c03-9b26-e9189b13a798",
            "0f8ab85e-da1c-47c2-acec-37f0281549fa"
          ],
          "failures": [],
          "pending": [],
          "skipped": [],
          "duration": 10849,
          "root": false,
          "rootEmpty": false,
          "_timeout": 2000
        }
      ],
      "passes": [],
      "failures": [],
      "pending": [],
      "skipped": [],
      "duration": 0,
      "root": true,
      "rootEmpty": true,
      "_timeout": 2000
    },
    {
      "uuid": "7c4df42c-41fe-439f-abcf-d71706e674e4",
      "title": "",
      "fullFile": "cypress\\e2e\\webdriver-uni\\autocomplete-dropdown-list.js",
      "file": "cypress\\e2e\\webdriver-uni\\autocomplete-dropdown-list.js",
      "beforeHooks": [],
      "afterHooks": [],
      "tests": [],
      "suites": [
        {
          "uuid": "a61906c2-ff01-4a0b-a464-24b79da212f6",
          "title": "Verify autocomplete dropdown list via webdriveruni",
          "fullFile": "",
          "file": "",
          "beforeHooks": [],
          "afterHooks": [],
          "tests": [
            {
              "title": "Select specific product via autocomplete list",
              "fullTitle": "Verify autocomplete dropdown list via webdriveruni Select specific product via autocomplete list",
              "timedOut": null,
              "duration": 2167,
              "state": "passed",
              "speed": "fast",
              "pass": true,
              "fail": false,
              "pending": false,
              "context": null,
              "code": "cy.visit(\"/\");\ncy.get('#autocomplete-textfield').invoke('removeAttr', 'target').click({\n  force: true\n});\ncy.get('#myInput').type('A');\ncy.get('#myInputautocomplete-list > *').each(($element, index, $list) => {\n  const currentProduct = $element.text();\n  const productToSelect = 'Avocado'; // Correct the spelling\n  if (currentProduct === productToSelect) {\n    cy.get($element).click();\n    cy.get('#submit-button').click();\n    cy.url().should('contain', 'Avocado');\n  }\n}).then(() => {\n  cy.get('#myInput').clear();\n  cy.get('#myInput').type('G');\n  cy.get('#myInputautocomplete-list > *').each(($element, index, $list) => {\n    const currentProduct = $element.text();\n    const productToSelect = 'Grapes';\n    if (currentProduct === productToSelect) {\n      cy.get($element).click();\n      cy.get('#submit-button').click();\n      cy.url().should('contain', 'Grapes');\n    }\n  }); // Close the second each loop properly\n});",
              "err": {},
              "uuid": "e6c9b6db-e0d6-4229-9927-9d93e48c8f9e",
              "parentUUID": "a61906c2-ff01-4a0b-a464-24b79da212f6",
              "isHook": false,
              "skipped": false
            }
          ],
          "suites": [],
          "passes": [
            "e6c9b6db-e0d6-4229-9927-9d93e48c8f9e"
          ],
          "failures": [],
          "pending": [],
          "skipped": [],
          "duration": 2167,
          "root": false,
          "rootEmpty": false,
          "_timeout": 2000
        }
      ],
      "passes": [],
      "failures": [],
      "pending": [],
      "skipped": [],
      "duration": 0,
      "root": true,
      "rootEmpty": true,
      "_timeout": 2000
    },
    {
      "uuid": "01897242-a1aa-4776-9ba4-7522da1790d2",
      "title": "",
      "fullFile": "cypress\\e2e\\webdriver-uni\\browser-navigation.js",
      "file": "cypress\\e2e\\webdriver-uni\\browser-navigation.js",
      "beforeHooks": [],
      "afterHooks": [],
      "tests": [],
      "suites": [
        {
          "uuid": "c15d8b90-6918-4a44-8fad-8a3e1354fc5f",
          "title": "Validate web driver uni page links",
          "fullFile": "",
          "file": "",
          "beforeHooks": [],
          "afterHooks": [],
          "tests": [
            {
              "title": "Confirm links navigate to the correct page",
              "fullTitle": "Validate web driver uni page links Confirm links navigate to the correct page",
              "timedOut": null,
              "duration": 5581,
              "state": "passed",
              "speed": "medium",
              "pass": true,
              "fail": false,
              "pending": false,
              "context": null,
              "code": "//cy.visit(\"https://www.webdriveruniversity.com/Contact-Us/contactus.html\");\ncy.visit(\"/\");\ncy.get('#contact-us').invoke('removeAttr', 'target').click({\n  force: true\n});\ncy.url().should('include', 'contactus');\ncy.go('back');\ncy.url().should('include', 'https://www.webdriveruniversity.com/');\ncy.reload();\ncy.go('forward');\ncy.url().should('include', 'contactus');\ncy.go('back');\ncy.get('#login-portal').invoke('removeAttr', 'target').click({\n  force: true\n});\ncy.url().should('include', 'Login-Portal');\ncy.go('back');\ncy.get('#to-do-list').invoke('removeAttr', 'target').click({\n  force: true\n});\ncy.url().should('include', 'To-Do-List');\ncy.go('back');",
              "err": {},
              "uuid": "83345f25-3cf4-4c47-bb46-d46c4b1d623a",
              "parentUUID": "c15d8b90-6918-4a44-8fad-8a3e1354fc5f",
              "isHook": false,
              "skipped": false
            }
          ],
          "suites": [],
          "passes": [
            "83345f25-3cf4-4c47-bb46-d46c4b1d623a"
          ],
          "failures": [],
          "pending": [],
          "skipped": [],
          "duration": 5581,
          "root": false,
          "rootEmpty": false,
          "_timeout": 2000
        }
      ],
      "passes": [],
      "failures": [],
      "pending": [],
      "skipped": [],
      "duration": 0,
      "root": true,
      "rootEmpty": true,
      "_timeout": 2000
    },
    {
      "uuid": "7100b9c8-c767-4ba1-8fa7-0b3c0f78608b",
      "title": "",
      "fullFile": "cypress\\e2e\\webdriver-uni\\checkboxes.js",
      "file": "cypress\\e2e\\webdriver-uni\\checkboxes.js",
      "beforeHooks": [],
      "afterHooks": [],
      "tests": [],
      "suites": [
        {
          "uuid": "b04c0418-146c-4276-8c20-fcf3d6da8ba9",
          "title": "Verify checkboxes via WebdriverUni",
          "fullFile": "",
          "file": "",
          "beforeHooks": [],
          "afterHooks": [],
          "tests": [
            {
              "title": "Check and validate checkboxes",
              "fullTitle": "Verify checkboxes via WebdriverUni Check and validate checkboxes",
              "timedOut": null,
              "duration": 1344,
              "state": "passed",
              "speed": "fast",
              "pass": true,
              "fail": false,
              "pending": false,
              "context": null,
              "code": "cy.xpath(\"//input[@value='option-1']\").as('option1');\ncy.get('@option1').check().should('be.checked');",
              "err": {},
              "uuid": "a29faa50-e0fd-45c4-b760-b997248e145c",
              "parentUUID": "b04c0418-146c-4276-8c20-fcf3d6da8ba9",
              "isHook": false,
              "skipped": false
            },
            {
              "title": "Uncheck and validate checkboxes",
              "fullTitle": "Verify checkboxes via WebdriverUni Uncheck and validate checkboxes",
              "timedOut": null,
              "duration": 295,
              "state": "passed",
              "speed": "fast",
              "pass": true,
              "fail": false,
              "pending": false,
              "context": null,
              "code": "cy.xpath(\"//input[@value='option-3']\").as('option3');\ncy.get('@option3').uncheck().should('not.be.checked');",
              "err": {},
              "uuid": "b1fdc625-215b-42ac-baff-708aa26f6989",
              "parentUUID": "b04c0418-146c-4276-8c20-fcf3d6da8ba9",
              "isHook": false,
              "skipped": false
            },
            {
              "title": "Check multiple checkboxes",
              "fullTitle": "Verify checkboxes via WebdriverUni Check multiple checkboxes",
              "timedOut": null,
              "duration": 434,
              "state": "passed",
              "speed": "fast",
              "pass": true,
              "fail": false,
              "pending": false,
              "context": null,
              "code": "cy.get(\"input[type='checkbox']\").check([\"option-1\", \"option-2\", \"option-3\", \"option-4\"]).should('be.checked');",
              "err": {},
              "uuid": "406bbe78-50d6-4014-8f39-ad0c4ea97238",
              "parentUUID": "b04c0418-146c-4276-8c20-fcf3d6da8ba9",
              "isHook": false,
              "skipped": false
            }
          ],
          "suites": [],
          "passes": [
            "a29faa50-e0fd-45c4-b760-b997248e145c",
            "b1fdc625-215b-42ac-baff-708aa26f6989",
            "406bbe78-50d6-4014-8f39-ad0c4ea97238"
          ],
          "failures": [],
          "pending": [],
          "skipped": [],
          "duration": 2073,
          "root": false,
          "rootEmpty": false,
          "_timeout": 2000
        }
      ],
      "passes": [],
      "failures": [],
      "pending": [],
      "skipped": [],
      "duration": 0,
      "root": true,
      "rootEmpty": true,
      "_timeout": 2000
    },
    {
      "uuid": "63d39c03-6394-4752-86bc-08bfa19002e3",
      "title": "",
      "fullFile": "cypress\\e2e\\webdriver-uni\\contact-us.js",
      "file": "cypress\\e2e\\webdriver-uni\\contact-us.js",
      "beforeHooks": [],
      "afterHooks": [],
      "tests": [],
      "suites": [
        {
          "uuid": "c0e40187-3433-47c2-885b-3de0286d2ffc",
          "title": "Test Contact Us Page via WebdriverUni",
          "fullFile": "",
          "file": "",
          "beforeHooks": [],
          "afterHooks": [],
          "tests": [
            {
              "title": "Should be able to submit a successfull submission via contact us form",
              "fullTitle": "Test Contact Us Page via WebdriverUni Should be able to submit a successfull submission via contact us form",
              "timedOut": null,
              "duration": 3695,
              "state": "passed",
              "speed": "fast",
              "pass": true,
              "fail": false,
              "pending": false,
              "context": null,
              "code": "cy.document().should('have.prop', 'charset').and('eq', 'UTF-8');\ncy.url().should('include', '/Contact-Us/contactus.html');\ncy.title().should('contain', 'WebDriver');\ncontactUs.contactForm_Submission(Cypress.env(\"firstName\"), data.lastName, data.email, data.body, 'h1', 'Thank You');",
              "err": {},
              "uuid": "d1eff090-1aa5-4bcf-aa16-c41209c3bafc",
              "parentUUID": "c0e40187-3433-47c2-885b-3de0286d2ffc",
              "isHook": false,
              "skipped": false
            },
            {
              "title": "Should NOT be able to submit a successfull submission via contact us form as all fields are required",
              "fullTitle": "Test Contact Us Page via WebdriverUni Should NOT be able to submit a successfull submission via contact us form as all fields are required",
              "timedOut": null,
              "duration": 1997,
              "state": "passed",
              "speed": "fast",
              "pass": true,
              "fail": false,
              "pending": false,
              "context": null,
              "code": "contactUs.contactForm_Submission(Cypress.env(\"firstName\"), data.lastName, \" \", data.body, 'body', 'Error');",
              "err": {},
              "uuid": "14b42af3-2b35-4b61-9c61-8a91650b5bd6",
              "parentUUID": "c0e40187-3433-47c2-885b-3de0286d2ffc",
              "isHook": false,
              "skipped": false
            }
          ],
          "suites": [],
          "passes": [
            "d1eff090-1aa5-4bcf-aa16-c41209c3bafc",
            "14b42af3-2b35-4b61-9c61-8a91650b5bd6"
          ],
          "failures": [],
          "pending": [],
          "skipped": [],
          "duration": 5692,
          "root": false,
          "rootEmpty": false,
          "_timeout": 2000
        }
      ],
      "passes": [],
      "failures": [],
      "pending": [],
      "skipped": [],
      "duration": 0,
      "root": true,
      "rootEmpty": true,
      "_timeout": 2000
    },
    {
      "uuid": "96f929df-4da0-4762-9afc-9302396e3578",
      "title": "",
      "fullFile": "cypress\\e2e\\webdriver-uni\\data-table.js",
      "file": "cypress\\e2e\\webdriver-uni\\data-table.js",
      "beforeHooks": [],
      "afterHooks": [],
      "tests": [],
      "suites": [
        {
          "uuid": "0285a37b-f4de-4952-83bd-2172a6167c87",
          "title": "Handling data via webdriveruni",
          "fullFile": "",
          "file": "",
          "beforeHooks": [],
          "afterHooks": [],
          "tests": [
            {
              "title": "calculate and assert the total age of all users",
              "fullTitle": "Handling data via webdriveruni calculate and assert the total age of all users",
              "timedOut": null,
              "duration": 1415,
              "state": "passed",
              "speed": "fast",
              "pass": true,
              "fail": false,
              "pending": false,
              "context": null,
              "code": "var userDetails = [];\nvar totalAge = 0;\n//table extract of ages\ncy.get('#thumbnail-1 td').each(($element, index, $list) => {\n  userDetails[index] = $element.text();\n}).then(() => {\n  var i;\n  for (i = 1; i < userDetails.length; i++) {\n    if (!isNaN(userDetails[i])) {\n      totalAge += Number(userDetails[i]);\n    }\n  }\n}).then(() => {\n  expect(totalAge).eq(322);\n});",
              "err": {},
              "uuid": "8fa05718-70b4-4f6b-acbd-b3d333a6ea62",
              "parentUUID": "0285a37b-f4de-4952-83bd-2172a6167c87",
              "isHook": false,
              "skipped": false
            },
            {
              "title": "Calculate and assert the age of a given user based on last name",
              "fullTitle": "Handling data via webdriveruni Calculate and assert the age of a given user based on last name",
              "timedOut": null,
              "duration": 432,
              "state": "passed",
              "speed": "fast",
              "pass": true,
              "fail": false,
              "pending": false,
              "context": null,
              "code": "cy.get('#thumbnail-1 tr td:nth-child(2)').each(($el, index, $list) => {\n  const text = $el.text();\n  if (text.includes(\"Woods\")) {\n    cy.get('#thumbnail-1 tr td:nth-child(2)').eq(index).next().then(function (age) {\n      const userAge = age.text();\n      expect(userAge).to.equal(\"80\");\n    });\n  }\n});",
              "err": {},
              "uuid": "da6805b4-5a0f-4dfd-a599-ac5346605906",
              "parentUUID": "0285a37b-f4de-4952-83bd-2172a6167c87",
              "isHook": false,
              "skipped": false
            }
          ],
          "suites": [],
          "passes": [
            "8fa05718-70b4-4f6b-acbd-b3d333a6ea62",
            "da6805b4-5a0f-4dfd-a599-ac5346605906"
          ],
          "failures": [],
          "pending": [],
          "skipped": [],
          "duration": 1847,
          "root": false,
          "rootEmpty": false,
          "_timeout": 2000
        }
      ],
      "passes": [],
      "failures": [],
      "pending": [],
      "skipped": [],
      "duration": 0,
      "root": true,
      "rootEmpty": true,
      "_timeout": 2000
    },
    {
      "uuid": "86f82225-53bf-4fd0-a431-01cea2ba3645",
      "title": "",
      "fullFile": "cypress\\e2e\\webdriver-uni\\date-picker.js",
      "file": "cypress\\e2e\\webdriver-uni\\date-picker.js",
      "beforeHooks": [],
      "afterHooks": [],
      "tests": [],
      "suites": [
        {
          "uuid": "77f370f9-716b-47a7-ad2c-b845748971dd",
          "title": "Test date picker via webdriveruni",
          "fullFile": "",
          "file": "",
          "beforeHooks": [],
          "afterHooks": [],
          "tests": [
            {
              "title": "Select date from the date picker",
              "fullTitle": "Test date picker via webdriveruni Select date from the date picker",
              "timedOut": null,
              "duration": 2469,
              "state": "passed",
              "speed": "fast",
              "pass": true,
              "fail": false,
              "pending": false,
              "context": null,
              "code": "cy.get(\".input-group-addon\").click();\nvar date = new Date();\ndate.setDate(date.getDate() + 365);\nvar futureYear = date.getFullYear();\nvar futureMonth = date.toLocaleString(\"default\", {\n  month: \"long\"\n});\nvar futureDay = date.getDate();\ncy.log(futureYear);\ncy.log(futureMonth);\ncy.log(futureDay);\nfunction selectMonthAndYear() {\n  cy.get('.datepicker-dropdown').find('.datepicker-switch').first().then(currentDate => {\n    if (!currentDate.text().includes(futureYear)) {\n      cy.get('.datepicker-dropdown').find('.next').first().click();\n      selectMonthAndYear();\n    } else if (!currentDate.text().includes(futureMonth)) {\n      cy.get('.datepicker-dropdown').find('.next').first().click();\n      selectMonthAndYear();\n    }\n  });\n}\nfunction selectDay() {\n  cy.get('.datepicker-dropdown').find('.day').contains(futureDay).click();\n}\nselectMonthAndYear();\nselectDay();",
              "err": {},
              "uuid": "185dae32-e881-46ee-9833-e7a3b2de8866",
              "parentUUID": "77f370f9-716b-47a7-ad2c-b845748971dd",
              "isHook": false,
              "skipped": false
            }
          ],
          "suites": [],
          "passes": [
            "185dae32-e881-46ee-9833-e7a3b2de8866"
          ],
          "failures": [],
          "pending": [],
          "skipped": [],
          "duration": 2469,
          "root": false,
          "rootEmpty": false,
          "_timeout": 2000
        },
        {
          "uuid": "9f15888a-5dd4-454e-915f-b52cd7df2dbc",
          "title": "Test date picker via webdriveruni",
          "fullFile": "",
          "file": "",
          "beforeHooks": [],
          "afterHooks": [],
          "tests": [
            {
              "title": "Select date from the date picker",
              "fullTitle": "Test date picker via webdriveruni Select date from the date picker",
              "timedOut": null,
              "duration": 726,
              "state": "passed",
              "speed": "fast",
              "pass": true,
              "fail": false,
              "pending": false,
              "context": null,
              "code": "cy.get(\".input-group-addon\").click();\nvar date = new Date();\ndate.setDate(date.getDate() + 10);\nvar futureYear = date.getFullYear();\nvar futureMonth = date.toLocaleString(\"default\", {\n  month: \"long\"\n});\nvar futureDay = date.getDate();\ncy.log(futureYear);\ncy.log(futureMonth);\ncy.log(futureDay);\nfunction selectMonthAndYear() {\n  cy.get('.datepicker-dropdown').find('.datepicker-switch').first().then(currentDate => {\n    if (!currentDate.text().includes(futureYear)) {\n      cy.get('.datepicker-dropdown').find('.next').first().click();\n      selectMonthAndYear();\n    } else if (!currentDate.text().includes(futureMonth)) {\n      cy.get('.datepicker-dropdown').find('.next').first().click();\n      selectMonthAndYear();\n    }\n  });\n}\nfunction selectDay() {\n  cy.get('.datepicker-dropdown').find('.day').contains(futureDay).click();\n}\nselectMonthAndYear();\nselectDay();",
              "err": {},
              "uuid": "7d2af449-20be-4ff2-a1e2-b8edefe434ab",
              "parentUUID": "9f15888a-5dd4-454e-915f-b52cd7df2dbc",
              "isHook": false,
              "skipped": false
            }
          ],
          "suites": [],
          "passes": [
            "7d2af449-20be-4ff2-a1e2-b8edefe434ab"
          ],
          "failures": [],
          "pending": [],
          "skipped": [],
          "duration": 726,
          "root": false,
          "rootEmpty": false,
          "_timeout": 2000
        }
      ],
      "passes": [],
      "failures": [],
      "pending": [],
      "skipped": [],
      "duration": 0,
      "root": true,
      "rootEmpty": true,
      "_timeout": 2000
    },
    {
      "uuid": "cad347a6-c469-40e9-8f7f-b4379d270f7c",
      "title": "",
      "fullFile": "cypress\\e2e\\webdriver-uni\\file-upload.js",
      "file": "cypress\\e2e\\webdriver-uni\\file-upload.js",
      "beforeHooks": [],
      "afterHooks": [],
      "tests": [],
      "suites": [
        {
          "uuid": "9b2cd18b-29c8-481c-abd1-258e66d4a505",
          "title": "Test file upload via webdriveruni",
          "fullFile": "",
          "file": "",
          "beforeHooks": [],
          "afterHooks": [],
          "tests": [
            {
              "title": "Upload a file",
              "fullTitle": "Test file upload via webdriveruni Upload a file",
              "timedOut": null,
              "duration": 1910,
              "state": "passed",
              "speed": "fast",
              "pass": true,
              "fail": false,
              "pending": false,
              "context": null,
              "code": "cy.get('#myFile').selectFile('cypress/fixtures/sampleFile.txt');\ncy.get('#submit-button').click();",
              "err": {},
              "uuid": "e9492430-eb43-4bdf-a4fe-b87d17abbbe7",
              "parentUUID": "9b2cd18b-29c8-481c-abd1-258e66d4a505",
              "isHook": false,
              "skipped": false
            },
            {
              "title": "Upload NO file",
              "fullTitle": "Test file upload via webdriveruni Upload NO file",
              "timedOut": null,
              "duration": 565,
              "state": "passed",
              "speed": "fast",
              "pass": true,
              "fail": false,
              "pending": false,
              "context": null,
              "code": "cy.get('#submit-button').click();",
              "err": {},
              "uuid": "57fa033f-5eb2-4c74-8c5f-f36a75f941b6",
              "parentUUID": "9b2cd18b-29c8-481c-abd1-258e66d4a505",
              "isHook": false,
              "skipped": false
            }
          ],
          "suites": [],
          "passes": [
            "e9492430-eb43-4bdf-a4fe-b87d17abbbe7",
            "57fa033f-5eb2-4c74-8c5f-f36a75f941b6"
          ],
          "failures": [],
          "pending": [],
          "skipped": [],
          "duration": 2475,
          "root": false,
          "rootEmpty": false,
          "_timeout": 2000
        }
      ],
      "passes": [],
      "failures": [],
      "pending": [],
      "skipped": [],
      "duration": 0,
      "root": true,
      "rootEmpty": true,
      "_timeout": 2000
    },
    {
      "uuid": "f0805c7d-dcd8-49e6-8a75-8b25879d139a",
      "title": "",
      "fullFile": "cypress\\e2e\\webdriver-uni\\hooks.js",
      "file": "cypress\\e2e\\webdriver-uni\\hooks.js",
      "beforeHooks": [],
      "afterHooks": [],
      "tests": [],
      "suites": [
        {
          "uuid": "fd8b7b11-7ea1-4d87-930a-5fd5c21d04b3",
          "title": "Hooks",
          "fullFile": "",
          "file": "",
          "beforeHooks": [],
          "afterHooks": [],
          "tests": [
            {
              "title": "Example test1",
              "fullTitle": "Hooks Example test1",
              "timedOut": null,
              "duration": 41,
              "state": "passed",
              "speed": "fast",
              "pass": true,
              "fail": false,
              "pending": false,
              "context": null,
              "code": "cy.log(\"Example test1!\");",
              "err": {},
              "uuid": "7ef32874-b990-418a-a641-7a65c7722783",
              "parentUUID": "fd8b7b11-7ea1-4d87-930a-5fd5c21d04b3",
              "isHook": false,
              "skipped": false
            },
            {
              "title": "Example test2",
              "fullTitle": "Hooks Example test2",
              "timedOut": null,
              "duration": 24,
              "state": "passed",
              "speed": "fast",
              "pass": true,
              "fail": false,
              "pending": false,
              "context": null,
              "code": "cy.log(\"Example test2!\");",
              "err": {},
              "uuid": "9f3b7fcc-c35d-440d-89d6-20affac68a9c",
              "parentUUID": "fd8b7b11-7ea1-4d87-930a-5fd5c21d04b3",
              "isHook": false,
              "skipped": false
            }
          ],
          "suites": [],
          "passes": [
            "7ef32874-b990-418a-a641-7a65c7722783",
            "9f3b7fcc-c35d-440d-89d6-20affac68a9c"
          ],
          "failures": [],
          "pending": [],
          "skipped": [],
          "duration": 65,
          "root": false,
          "rootEmpty": false,
          "_timeout": 2000
        }
      ],
      "passes": [],
      "failures": [],
      "pending": [],
      "skipped": [],
      "duration": 0,
      "root": true,
      "rootEmpty": true,
      "_timeout": 2000
    },
    {
      "uuid": "e0eb638f-ac8e-476f-aa1f-ae8016ac1375",
      "title": "",
      "fullFile": "cypress\\e2e\\webdriver-uni\\iframe.js",
      "file": "cypress\\e2e\\webdriver-uni\\iframe.js",
      "beforeHooks": [],
      "afterHooks": [],
      "tests": [],
      "suites": [
        {
          "uuid": "5eb07c9f-5eaa-4051-b0b0-cf94f67d2786",
          "title": "handling Iframes & modals",
          "fullFile": "",
          "file": "",
          "beforeHooks": [],
          "afterHooks": [],
          "tests": [
            {
              "title": "Handle webdriveruni IFrame and modals",
              "fullTitle": "handling Iframes & modals Handle webdriveruni IFrame and modals",
              "timedOut": null,
              "duration": 2282,
              "state": "passed",
              "speed": "fast",
              "pass": true,
              "fail": false,
              "pending": false,
              "context": null,
              "code": "cy.visit(\"/\");\ncy.get('#iframe').invoke('removeAttr', 'target').click({\n  force: true\n});\ncy.get('#frame').then($iframe => {\n  const body = $iframe.contents().find('body');\n  cy.wrap(body).as('iframe');\n});\ncy.get('@iframe').find('#button-find-out-more').click();\ncy.get('@iframe').find('#myModal').as('modal');\ncy.get('@modal').should($expectedText => {\n  const text = $expectedText.text();\n  expect(text).to.include('Welcome to webdriveruniversity.com we sell a wide range of electrical goods such as laptops, game consoles, cameras...');\n});\ncy.get('@modal').contains('Close').click();",
              "err": {},
              "uuid": "22e1ebc7-85f0-43fd-af61-f5cff1076a87",
              "parentUUID": "5eb07c9f-5eaa-4051-b0b0-cf94f67d2786",
              "isHook": false,
              "skipped": false
            }
          ],
          "suites": [],
          "passes": [
            "22e1ebc7-85f0-43fd-af61-f5cff1076a87"
          ],
          "failures": [],
          "pending": [],
          "skipped": [],
          "duration": 2282,
          "root": false,
          "rootEmpty": false,
          "_timeout": 2000
        }
      ],
      "passes": [],
      "failures": [],
      "pending": [],
      "skipped": [],
      "duration": 0,
      "root": true,
      "rootEmpty": true,
      "_timeout": 2000
    },
    {
      "uuid": "4123594b-2b1a-4145-acda-9a3a3279921f",
      "title": "",
      "fullFile": "cypress\\e2e\\webdriver-uni\\js-alerts.js",
      "file": "cypress\\e2e\\webdriver-uni\\js-alerts.js",
      "beforeHooks": [],
      "afterHooks": [],
      "tests": [],
      "suites": [
        {
          "uuid": "d2b84190-43f5-4a7b-86d3-2d4ab54e1001",
          "title": "handle JS alerts",
          "fullFile": "",
          "file": "",
          "beforeHooks": [],
          "afterHooks": [],
          "tests": [
            {
              "title": "Alert contains the correct text",
              "fullTitle": "handle JS alerts Alert contains the correct text",
              "timedOut": null,
              "duration": 1470,
              "state": "passed",
              "speed": "fast",
              "pass": true,
              "fail": false,
              "pending": false,
              "context": null,
              "code": "cy.visit(\"/\");\ncy.get('#popup-alerts').invoke('removeAttr', 'target').click({\n  force: true\n});\ncy.get('#button1').click();\ncy.on('window:alert', str => {\n  expect(str).to.equal('I am an alert box!');\n});",
              "err": {},
              "uuid": "d701e695-ab51-4bb7-9b32-c5038909c87d",
              "parentUUID": "d2b84190-43f5-4a7b-86d3-2d4ab54e1001",
              "isHook": false,
              "skipped": false
            },
            {
              "title": "Validate JS confirm alert box works correctly when clicking ok",
              "fullTitle": "handle JS alerts Validate JS confirm alert box works correctly when clicking ok",
              "timedOut": null,
              "duration": 465,
              "state": "passed",
              "speed": "fast",
              "pass": true,
              "fail": false,
              "pending": false,
              "context": null,
              "code": "cy.visit(\"https://www.webdriveruniversity.com/\");\ncy.get('#popup-alerts').invoke('removeAttr', 'target').click({\n  force: true\n});\ncy.get('#button4').click();\ncy.on('window:confirm', str => {\n  return true;\n});\ncy.get('#confirm-alert-text').contains('You pressed OK!');",
              "err": {},
              "uuid": "b7f11974-9df0-48d4-996b-5f6952a3f057",
              "parentUUID": "d2b84190-43f5-4a7b-86d3-2d4ab54e1001",
              "isHook": false,
              "skipped": false
            },
            {
              "title": "Validate JS confirm alert box works correctly when clicking cancel",
              "fullTitle": "handle JS alerts Validate JS confirm alert box works correctly when clicking cancel",
              "timedOut": null,
              "duration": 459,
              "state": "passed",
              "speed": "fast",
              "pass": true,
              "fail": false,
              "pending": false,
              "context": null,
              "code": "cy.visit(\"https://www.webdriveruniversity.com/\");\ncy.get('#popup-alerts').invoke('removeAttr', 'target').click({\n  force: true\n});\ncy.get('#button4').click();\ncy.on('window:confirm', str => {\n  return false;\n});\ncy.get('#confirm-alert-text').contains('You pressed Cancel!');",
              "err": {},
              "uuid": "8d2d3c21-fb2d-43ff-b45e-66a8f82eeda5",
              "parentUUID": "d2b84190-43f5-4a7b-86d3-2d4ab54e1001",
              "isHook": false,
              "skipped": false
            },
            {
              "title": "Validate JS confirm alert box using a stub",
              "fullTitle": "handle JS alerts Validate JS confirm alert box using a stub",
              "timedOut": null,
              "duration": 460,
              "state": "passed",
              "speed": "fast",
              "pass": true,
              "fail": false,
              "pending": false,
              "context": null,
              "code": "cy.visit(\"https://www.webdriveruniversity.com/\");\ncy.get('#popup-alerts').invoke('removeAttr', 'target').click({\n  force: true\n});\nconst stub = cy.stub();\ncy.on('window:confirm', stub);\ncy.get('#button4').click().then(() => {\n  expect(stub.getCall(0)).to.be.calledWith('Press a button!');\n}).then(() => {\n  return true;\n}).then(() => {\n  cy.get('#confirm-alert-text').contains('You pressed OK!');\n});\n;",
              "err": {},
              "uuid": "7ff51676-5900-4068-8166-b62450c47890",
              "parentUUID": "d2b84190-43f5-4a7b-86d3-2d4ab54e1001",
              "isHook": false,
              "skipped": false
            }
          ],
          "suites": [],
          "passes": [
            "d701e695-ab51-4bb7-9b32-c5038909c87d",
            "b7f11974-9df0-48d4-996b-5f6952a3f057",
            "8d2d3c21-fb2d-43ff-b45e-66a8f82eeda5",
            "7ff51676-5900-4068-8166-b62450c47890"
          ],
          "failures": [],
          "pending": [],
          "skipped": [],
          "duration": 2854,
          "root": false,
          "rootEmpty": false,
          "_timeout": 2000
        }
      ],
      "passes": [],
      "failures": [],
      "pending": [],
      "skipped": [],
      "duration": 0,
      "root": true,
      "rootEmpty": true,
      "_timeout": 2000
    },
    {
      "uuid": "368f5125-a0dc-4566-8300-e8edb8287cc0",
      "title": "",
      "fullFile": "cypress\\e2e\\webdriver-uni\\mouse-actions.js",
      "file": "cypress\\e2e\\webdriver-uni\\mouse-actions.js",
      "beforeHooks": [],
      "afterHooks": [],
      "tests": [],
      "suites": [
        {
          "uuid": "da00aafc-1df0-4c48-b5da-c9865caca47e",
          "title": "Test mouse actions via webdriveruni",
          "fullFile": "",
          "file": "",
          "beforeHooks": [],
          "afterHooks": [],
          "tests": [
            {
              "title": "Scroll elements into view",
              "fullTitle": "Test mouse actions via webdriveruni Scroll elements into view",
              "timedOut": null,
              "duration": 1478,
              "state": "passed",
              "speed": "fast",
              "pass": true,
              "fail": false,
              "pending": false,
              "context": null,
              "code": "cy.visit(\"/\");\ncy.get('#actions').scrollIntoView().invoke('removeAttr', 'target').click({\n  force: true\n});\ncy.get('#draggable').trigger('mousedown', {\n  which: 1\n});\ncy.get('#droppable').trigger('mousemove').trigger('mouseup', {\n  force: true\n});",
              "err": {},
              "uuid": "8b5cb869-963e-46a7-8445-b0e60af0aecf",
              "parentUUID": "da00aafc-1df0-4c48-b5da-c9865caca47e",
              "isHook": false,
              "skipped": false
            },
            {
              "title": "Perform a double mosue click",
              "fullTitle": "Test mouse actions via webdriveruni Perform a double mosue click",
              "timedOut": null,
              "duration": 413,
              "state": "passed",
              "speed": "fast",
              "pass": true,
              "fail": false,
              "pending": false,
              "context": null,
              "code": "cy.visit(\"/\");\ncy.get('#actions').scrollIntoView().invoke('removeAttr', 'target').click({\n  force: true\n});\ncy.get('#double-click').trigger('dblclick');",
              "err": {},
              "uuid": "0c135fee-6dba-414f-a7dd-d1d9085f0183",
              "parentUUID": "da00aafc-1df0-4c48-b5da-c9865caca47e",
              "isHook": false,
              "skipped": false
            },
            {
              "title": "Perform hold down click and validate color",
              "fullTitle": "Test mouse actions via webdriveruni Perform hold down click and validate color",
              "timedOut": null,
              "duration": 392,
              "state": "passed",
              "speed": "fast",
              "pass": true,
              "fail": false,
              "pending": false,
              "context": null,
              "code": "cy.visit(\"/\");\ncy.get('#actions').scrollIntoView().invoke('removeAttr', 'target').click({\n  force: true\n});\ncy.get('#click-box').trigger('mousedown', {\n  which: 1\n}).should('have.css', 'background-color', 'rgb(0, 255, 0)');",
              "err": {},
              "uuid": "9fe3486f-379a-44e3-b062-9bd77f863a8b",
              "parentUUID": "da00aafc-1df0-4c48-b5da-c9865caca47e",
              "isHook": false,
              "skipped": false
            }
          ],
          "suites": [],
          "passes": [
            "8b5cb869-963e-46a7-8445-b0e60af0aecf",
            "0c135fee-6dba-414f-a7dd-d1d9085f0183",
            "9fe3486f-379a-44e3-b062-9bd77f863a8b"
          ],
          "failures": [],
          "pending": [],
          "skipped": [],
          "duration": 2283,
          "root": false,
          "rootEmpty": false,
          "_timeout": 2000
        }
      ],
      "passes": [],
      "failures": [],
      "pending": [],
      "skipped": [],
      "duration": 0,
      "root": true,
      "rootEmpty": true,
      "_timeout": 2000
    },
    {
      "uuid": "6cc7705c-ed9d-4e17-b221-7e8f84ffe34b",
      "title": "",
      "fullFile": "cypress\\e2e\\webdriver-uni\\radio-buttons.js",
      "file": "cypress\\e2e\\webdriver-uni\\radio-buttons.js",
      "beforeHooks": [],
      "afterHooks": [],
      "tests": [],
      "suites": [
        {
          "uuid": "4e653b12-e17f-41c8-98dc-5076fd65c34f",
          "title": "Verify radio buttons via WebdriverUni",
          "fullFile": "",
          "file": "",
          "beforeHooks": [],
          "afterHooks": [],
          "tests": [
            {
              "title": "Check and validate individual ratio buttons",
              "fullTitle": "Verify radio buttons via WebdriverUni Check and validate individual ratio buttons",
              "timedOut": null,
              "duration": 1612,
              "state": "passed",
              "speed": "fast",
              "pass": true,
              "fail": false,
              "pending": false,
              "context": null,
              "code": "cy.get(\"#radio-buttons\").find(\"[type='radio']\").first().check().should('be.checked');\ncy.get(\"#radio-buttons\").find(\"[type='radio']\").eq(1).check().should('be.checked');",
              "err": {},
              "uuid": "e86aa497-b260-444b-9ab3-cb1a8c8598f1",
              "parentUUID": "4e653b12-e17f-41c8-98dc-5076fd65c34f",
              "isHook": false,
              "skipped": false
            },
            {
              "title": "Validate the state of specific radio buttons",
              "fullTitle": "Verify radio buttons via WebdriverUni Validate the state of specific radio buttons",
              "timedOut": null,
              "duration": 513,
              "state": "passed",
              "speed": "fast",
              "pass": true,
              "fail": false,
              "pending": false,
              "context": null,
              "code": "cy.get(\"[value='lettuce']\").should('not.be.checked');\ncy.get(\"[value='pumpkin']\").should('be.checked');\ncy.get(\"[value='lettuce']\").check();\ncy.get(\"[value='lettuce']\").should('be.checked');\ncy.get(\"[value='pumpkin']\").should('not.be.checked');\ncy.get(\"[value='cabbage']\").should('be.disabled');",
              "err": {},
              "uuid": "ad7da680-35e3-4ac3-af29-d2b84d0f79ae",
              "parentUUID": "4e653b12-e17f-41c8-98dc-5076fd65c34f",
              "isHook": false,
              "skipped": false
            }
          ],
          "suites": [],
          "passes": [
            "e86aa497-b260-444b-9ab3-cb1a8c8598f1",
            "ad7da680-35e3-4ac3-af29-d2b84d0f79ae"
          ],
          "failures": [],
          "pending": [],
          "skipped": [],
          "duration": 2125,
          "root": false,
          "rootEmpty": false,
          "_timeout": 2000
        }
      ],
      "passes": [],
      "failures": [],
      "pending": [],
      "skipped": [],
      "duration": 0,
      "root": true,
      "rootEmpty": true,
      "_timeout": 2000
    },
    {
      "uuid": "4b06f872-23ce-452e-b9b6-48d202e3aa76",
      "title": "",
      "fullFile": "cypress\\e2e\\webdriver-uni\\select-dropdown-list.js",
      "file": "cypress\\e2e\\webdriver-uni\\select-dropdown-list.js",
      "beforeHooks": [],
      "afterHooks": [],
      "tests": [],
      "suites": [
        {
          "uuid": "38f4970c-9d97-4a1f-9f5d-b01f6b4bc6c1",
          "title": "Interact wwith dropdown list via webdriver uni",
          "fullFile": "",
          "file": "",
          "beforeHooks": [],
          "afterHooks": [],
          "tests": [
            {
              "title": "select specific values via select dropdown list",
              "fullTitle": "Interact wwith dropdown list via webdriver uni select specific values via select dropdown list",
              "timedOut": null,
              "duration": 1909,
              "state": "passed",
              "speed": "fast",
              "pass": true,
              "fail": false,
              "pending": false,
              "context": null,
              "code": "cy.visit(\"/\");\ncy.get('#dropdown-checkboxes-radiobuttons').invoke('removeAttr', 'target').click({\n  force: true\n});\ncy.get(\"#dropdowm-menu-1\").as('firstDropdown');\ncy.get(\"#dropdowm-menu-2\").as('secondDropdown');\ncy.get(\"#dropdowm-menu-3\").as('thirdDropdown');\ncy.get('@firstDropdown').select('c#').should('have.value', 'c#'); //select based on value\ncy.get('@secondDropdown').select(2).should('have.value', 'testng'); //select based on id\ncy.get('@thirdDropdown').select('JQuery').should('have.value', 'jquery'); //select based on text",
              "err": {},
              "uuid": "246dc001-9088-4fbd-95e8-0dd9235167e3",
              "parentUUID": "38f4970c-9d97-4a1f-9f5d-b01f6b4bc6c1",
              "isHook": false,
              "skipped": false
            }
          ],
          "suites": [],
          "passes": [
            "246dc001-9088-4fbd-95e8-0dd9235167e3"
          ],
          "failures": [],
          "pending": [],
          "skipped": [],
          "duration": 1909,
          "root": false,
          "rootEmpty": false,
          "_timeout": 2000
        }
      ],
      "passes": [],
      "failures": [],
      "pending": [],
      "skipped": [],
      "duration": 0,
      "root": true,
      "rootEmpty": true,
      "_timeout": 2000
    },
    {
      "uuid": "242f5fd6-cfcd-44d6-8ba3-b61fe465ad68",
      "title": "",
      "fullFile": "cypress\\e2e\\webdriver-uni\\traversing-elements.js",
      "file": "cypress\\e2e\\webdriver-uni\\traversing-elements.js",
      "beforeHooks": [],
      "afterHooks": [],
      "tests": [],
      "suites": [
        {
          "uuid": "ff24d29b-839f-462b-8704-8ccd0e5694ca",
          "title": "Traversing DOM elements in Cypress",
          "fullFile": "",
          "file": "",
          "beforeHooks": [],
          "afterHooks": [],
          "tests": [
            {
              "title": "siblings() to get all sibling DOM elements of elements",
              "fullTitle": "Traversing DOM elements in Cypress siblings() to get all sibling DOM elements of elements",
              "timedOut": null,
              "duration": 1457,
              "state": "passed",
              "speed": "fast",
              "pass": true,
              "fail": false,
              "pending": false,
              "context": null,
              "code": "cy.get('.traversal-button-other-states .active').siblings().should('have.length', 3);",
              "err": {},
              "uuid": "080c9741-704a-4cf0-b122-38db1a8fdfa4",
              "parentUUID": "ff24d29b-839f-462b-8704-8ccd0e5694ca",
              "isHook": false,
              "skipped": false
            }
          ],
          "suites": [],
          "passes": [
            "080c9741-704a-4cf0-b122-38db1a8fdfa4"
          ],
          "failures": [],
          "pending": [],
          "skipped": [],
          "duration": 1457,
          "root": false,
          "rootEmpty": false,
          "_timeout": 2000
        }
      ],
      "passes": [],
      "failures": [],
      "pending": [],
      "skipped": [],
      "duration": 0,
      "root": true,
      "rootEmpty": true,
      "_timeout": 2000
    },
    {
      "uuid": "aa4017a4-f521-445c-97e4-18ee3060e606",
      "title": "",
      "fullFile": "cypress\\e2e\\automation-test-store\\add-multiple-items-to-basket.js",
      "file": "cypress\\e2e\\automation-test-store\\add-multiple-items-to-basket.js",
      "beforeHooks": [],
      "afterHooks": [],
      "tests": [],
      "suites": [
        {
          "uuid": "356cd3d0-9ad3-4c9f-8eb4-7c4fb5a50b33",
          "title": "Add multiple items to basket",
          "fullFile": "",
          "file": "",
          "beforeHooks": [],
          "afterHooks": [],
          "tests": [
            {
              "title": "add specific items to basket",
              "fullTitle": "Add multiple items to basket add specific items to basket",
              "timedOut": null,
              "duration": 7366,
              "state": "passed",
              "speed": "medium",
              "pass": true,
              "fail": false,
              "pending": false,
              "context": null,
              "code": "hairCare.clickOn_HairCare_Link();",
              "err": {},
              "uuid": "9458ae97-3f13-4176-81b9-bb070ae477df",
              "parentUUID": "356cd3d0-9ad3-4c9f-8eb4-7c4fb5a50b33",
              "isHook": false,
              "skipped": false
            }
          ],
          "suites": [],
          "passes": [
            "9458ae97-3f13-4176-81b9-bb070ae477df"
          ],
          "failures": [],
          "pending": [],
          "skipped": [],
          "duration": 7366,
          "root": false,
          "rootEmpty": false,
          "_timeout": 2000
        }
      ],
      "passes": [],
      "failures": [],
      "pending": [],
      "skipped": [],
      "duration": 0,
      "root": true,
      "rootEmpty": true,
      "_timeout": 2000
    }
  ],
  "meta": {
    "mocha": {
      "version": "7.0.1"
    },
    "mochawesome": {
      "options": {
        "quiet": false,
        "reportFilename": "mochawesome",
        "saveHtml": false,
        "saveJson": true,
        "consoleReporter": "spec",
        "useInlineDiffs": false,
        "code": true
      },
      "version": "7.1.3"
    },
    "marge": {
      "options": {
        "id": "default",
        "reportDir": "cypress/results/mochawesome",
        "quite": true,
        "overwrite": false,
        "html": false,
        "json": true
      },
      "version": "6.2.0"
    }
  }
}