{
  "stats": {
    "suites": 1,
    "tests": 3,
    "passes": 3,
    "pending": 0,
    "failures": 0,
    "start": "2024-12-08T03:14:50.898Z",
    "end": "2024-12-08T03:15:10.518Z",
    "duration": 19620,
    "testsRegistered": 3,
    "passPercent": 100,
    "pendingPercent": 0,
    "other": 0,
    "hasOther": false,
    "skipped": 0,
    "hasSkipped": false
  },
  "results": [
    {
      "uuid": "51beeec6-0625-421d-bcc7-3ac44450d6b6",
      "title": "",
      "fullFile": "cypress\\e2e\\automation-test-store\\iterate-over-elements.js",
      "file": "cypress\\e2e\\automation-test-store\\iterate-over-elements.js",
      "beforeHooks": [],
      "afterHooks": [],
      "tests": [],
      "suites": [
        {
          "uuid": "5fef5c4b-346c-419f-a342-b88640686344",
          "title": "Iterate over elements",
          "fullFile": "",
          "file": "",
          "beforeHooks": [],
          "afterHooks": [],
          "tests": [
            {
              "title": "Click on the first item searching for it as the first product of same class",
              "fullTitle": "Iterate over elements Click on the first item searching for it as the first product of same class",
              "timedOut": null,
              "duration": 5798,
              "state": "passed",
              "speed": "medium",
              "pass": true,
              "fail": false,
              "pending": false,
              "context": null,
              "code": "cy.get('.fixed_wrapper .prdocutname').each(($el, index, $list) => {\n  cy.log(\"Index: \" + index + \" : \" + $el.text());\n});",
              "err": {},
              "uuid": "3a1d3fc4-d427-486a-bdf0-a5ee4463679f",
              "parentUUID": "5fef5c4b-346c-419f-a342-b88640686344",
              "isHook": false,
              "skipped": false
            },
            {
              "title": "Add a specific product to the basket",
              "fullTitle": "Iterate over elements Add a specific product to the basket",
              "timedOut": null,
              "duration": 5858,
              "state": "passed",
              "speed": "medium",
              "pass": true,
              "fail": false,
              "pending": false,
              "context": null,
              "code": "cy.selectProduct('Eau Parfumee au The Vert Shampoo');",
              "err": {},
              "uuid": "fca047a0-2e66-4d05-94d0-7d4e7823aee6",
              "parentUUID": "5fef5c4b-346c-419f-a342-b88640686344",
              "isHook": false,
              "skipped": false
            },
            {
              "title": "Add a specific product to the basket 2",
              "fullTitle": "Iterate over elements Add a specific product to the basket 2",
              "timedOut": null,
              "duration": 6335,
              "state": "passed",
              "speed": "medium",
              "pass": true,
              "fail": false,
              "pending": false,
              "context": null,
              "code": "cy.selectProduct('Pantene Pro-V Conditioner, Classic Care');",
              "err": {},
              "uuid": "66f5f945-a3dd-4b7d-a173-971ed4f51bcc",
              "parentUUID": "5fef5c4b-346c-419f-a342-b88640686344",
              "isHook": false,
              "skipped": false
            }
          ],
          "suites": [],
          "passes": [
            "3a1d3fc4-d427-486a-bdf0-a5ee4463679f",
            "fca047a0-2e66-4d05-94d0-7d4e7823aee6",
            "66f5f945-a3dd-4b7d-a173-971ed4f51bcc"
          ],
          "failures": [],
          "pending": [],
          "skipped": [],
          "duration": 17991,
          "root": false,
          "rootEmpty": false,
          "_timeout": 2000
        }
      ],
      "passes": [],
      "failures": [],
      "pending": [],
      "skipped": [],
      "duration": 0,
      "root": true,
      "rootEmpty": true,
      "_timeout": 2000
    }
  ],
  "meta": {
    "mocha": {
      "version": "7.0.1"
    },
    "mochawesome": {
      "options": {
        "quiet": false,
        "reportFilename": "mochawesome",
        "saveHtml": false,
        "saveJson": true,
        "consoleReporter": "spec",
        "useInlineDiffs": false,
        "code": true
      },
      "version": "7.1.3"
    },
    "marge": {
      "options": {
        "id": "default",
        "reportDir": "cypress/results/mochawesome",
        "quite": true,
        "overwrite": false,
        "html": false,
        "json": true
      },
      "version": "6.2.0"
    }
  }
}