{
  "stats": {
    "suites": 1,
    "tests": 2,
    "passes": 2,
    "pending": 0,
    "failures": 0,
    "start": "2024-12-08T03:16:12.556Z",
    "end": "2024-12-08T03:16:14.786Z",
    "duration": 2230,
    "testsRegistered": 2,
    "passPercent": 100,
    "pendingPercent": 0,
    "other": 0,
    "hasOther": false,
    "skipped": 0,
    "hasSkipped": false
  },
  "results": [
    {
      "uuid": "1ade1134-ab9e-4fc7-b513-c386d5f4958d",
      "title": "",
      "fullFile": "cypress\\e2e\\webdriver-uni\\data-table.js",
      "file": "cypress\\e2e\\webdriver-uni\\data-table.js",
      "beforeHooks": [],
      "afterHooks": [],
      "tests": [],
      "suites": [
        {
          "uuid": "0cd1ecb3-7897-45b4-b9cd-36740ed7c1a8",
          "title": "Handling data via webdriveruni",
          "fullFile": "",
          "file": "",
          "beforeHooks": [],
          "afterHooks": [],
          "tests": [
            {
              "title": "calculate and assert the total age of all users",
              "fullTitle": "Handling data via webdriveruni calculate and assert the total age of all users",
              "timedOut": null,
              "duration": 1770,
              "state": "passed",
              "speed": "fast",
              "pass": true,
              "fail": false,
              "pending": false,
              "context": null,
              "code": "var userDetails = [];\nvar totalAge = 0;\n//table extract of ages\ncy.get('#thumbnail-1 td').each(($element, index, $list) => {\n  userDetails[index] = $element.text();\n}).then(() => {\n  var i;\n  for (i = 1; i < userDetails.length; i++) {\n    if (!isNaN(userDetails[i])) {\n      totalAge += Number(userDetails[i]);\n    }\n  }\n}).then(() => {\n  expect(totalAge).eq(322);\n});",
              "err": {},
              "uuid": "83b80d22-4334-44c5-867e-855d7ebc6e27",
              "parentUUID": "0cd1ecb3-7897-45b4-b9cd-36740ed7c1a8",
              "isHook": false,
              "skipped": false
            },
            {
              "title": "Calculate and assert the age of a given user based on last name",
              "fullTitle": "Handling data via webdriveruni Calculate and assert the age of a given user based on last name",
              "timedOut": null,
              "duration": 447,
              "state": "passed",
              "speed": "fast",
              "pass": true,
              "fail": false,
              "pending": false,
              "context": null,
              "code": "cy.get('#thumbnail-1 tr td:nth-child(2)').each(($el, index, $list) => {\n  const text = $el.text();\n  if (text.includes(\"Woods\")) {\n    cy.get('#thumbnail-1 tr td:nth-child(2)').eq(index).next().then(function (age) {\n      const userAge = age.text();\n      expect(userAge).to.equal(\"80\");\n    });\n  }\n});",
              "err": {},
              "uuid": "887f6304-260e-4e5d-bec7-b4cf0d59644c",
              "parentUUID": "0cd1ecb3-7897-45b4-b9cd-36740ed7c1a8",
              "isHook": false,
              "skipped": false
            }
          ],
          "suites": [],
          "passes": [
            "83b80d22-4334-44c5-867e-855d7ebc6e27",
            "887f6304-260e-4e5d-bec7-b4cf0d59644c"
          ],
          "failures": [],
          "pending": [],
          "skipped": [],
          "duration": 2217,
          "root": false,
          "rootEmpty": false,
          "_timeout": 2000
        }
      ],
      "passes": [],
      "failures": [],
      "pending": [],
      "skipped": [],
      "duration": 0,
      "root": true,
      "rootEmpty": true,
      "_timeout": 2000
    }
  ],
  "meta": {
    "mocha": {
      "version": "7.0.1"
    },
    "mochawesome": {
      "options": {
        "quiet": false,
        "reportFilename": "mochawesome",
        "saveHtml": false,
        "saveJson": true,
        "consoleReporter": "spec",
        "useInlineDiffs": false,
        "code": true
      },
      "version": "7.1.3"
    },
    "marge": {
      "options": {
        "id": "default",
        "reportDir": "cypress/results/mochawesome",
        "quite": true,
        "overwrite": false,
        "html": false,
        "json": true
      },
      "version": "6.2.0"
    }
  }
}