{
  "stats": {
    "suites": 1,
    "tests": 2,
    "passes": 2,
    "pending": 0,
    "failures": 0,
    "start": "2024-12-08T03:16:04.360Z",
    "end": "2024-12-08T03:16:10.019Z",
    "duration": 5659,
    "testsRegistered": 2,
    "passPercent": 100,
    "pendingPercent": 0,
    "other": 0,
    "hasOther": false,
    "skipped": 0,
    "hasSkipped": false
  },
  "results": [
    {
      "uuid": "4f40c9b1-0954-463c-bbc5-8b266f7e67ab",
      "title": "",
      "fullFile": "cypress\\e2e\\webdriver-uni\\contact-us.js",
      "file": "cypress\\e2e\\webdriver-uni\\contact-us.js",
      "beforeHooks": [],
      "afterHooks": [],
      "tests": [],
      "suites": [
        {
          "uuid": "84a8018e-d806-46ec-b1ff-72c855e0381d",
          "title": "Test Contact Us Page via WebdriverUni",
          "fullFile": "",
          "file": "",
          "beforeHooks": [],
          "afterHooks": [],
          "tests": [
            {
              "title": "Should be able to submit a successfull submission via contact us form",
              "fullTitle": "Test Contact Us Page via WebdriverUni Should be able to submit a successfull submission via contact us form",
              "timedOut": null,
              "duration": 3643,
              "state": "passed",
              "speed": "fast",
              "pass": true,
              "fail": false,
              "pending": false,
              "context": null,
              "code": "cy.document().should('have.prop', 'charset').and('eq', 'UTF-8');\ncy.url().should('include', '/Contact-Us/contactus.html');\ncy.title().should('contain', 'WebDriver');\ncontactUs.contactForm_Submission(Cypress.env(\"firstName\"), data.lastName, data.email, data.body, 'h1', 'Thank You');",
              "err": {},
              "uuid": "9e005563-2338-488e-bdce-83f275499569",
              "parentUUID": "84a8018e-d806-46ec-b1ff-72c855e0381d",
              "isHook": false,
              "skipped": false
            },
            {
              "title": "Should NOT be able to submit a successfull submission via contact us form as all fields are required",
              "fullTitle": "Test Contact Us Page via WebdriverUni Should NOT be able to submit a successfull submission via contact us form as all fields are required",
              "timedOut": null,
              "duration": 2001,
              "state": "passed",
              "speed": "fast",
              "pass": true,
              "fail": false,
              "pending": false,
              "context": null,
              "code": "contactUs.contactForm_Submission(Cypress.env(\"firstName\"), data.lastName, \" \", data.body, 'body', 'Error');",
              "err": {},
              "uuid": "51a59c64-5542-4b88-ba7c-5f53be4f9e52",
              "parentUUID": "84a8018e-d806-46ec-b1ff-72c855e0381d",
              "isHook": false,
              "skipped": false
            }
          ],
          "suites": [],
          "passes": [
            "9e005563-2338-488e-bdce-83f275499569",
            "51a59c64-5542-4b88-ba7c-5f53be4f9e52"
          ],
          "failures": [],
          "pending": [],
          "skipped": [],
          "duration": 5644,
          "root": false,
          "rootEmpty": false,
          "_timeout": 2000
        }
      ],
      "passes": [],
      "failures": [],
      "pending": [],
      "skipped": [],
      "duration": 0,
      "root": true,
      "rootEmpty": true,
      "_timeout": 2000
    }
  ],
  "meta": {
    "mocha": {
      "version": "7.0.1"
    },
    "mochawesome": {
      "options": {
        "quiet": false,
        "reportFilename": "mochawesome",
        "saveHtml": false,
        "saveJson": true,
        "consoleReporter": "spec",
        "useInlineDiffs": false,
        "code": true
      },
      "version": "7.1.3"
    },
    "marge": {
      "options": {
        "id": "default",
        "reportDir": "cypress/results/mochawesome",
        "quite": true,
        "overwrite": false,
        "html": false,
        "json": true
      },
      "version": "6.2.0"
    }
  }
}