{
  "stats": {
    "suites": 1,
    "tests": 3,
    "passes": 3,
    "pending": 0,
    "failures": 0,
    "start": "2024-12-08T03:16:39.388Z",
    "end": "2024-12-08T03:16:41.595Z",
    "duration": 2207,
    "testsRegistered": 3,
    "passPercent": 100,
    "pendingPercent": 0,
    "other": 0,
    "hasOther": false,
    "skipped": 0,
    "hasSkipped": false
  },
  "results": [
    {
      "uuid": "61d0e08d-c720-4398-850e-921d885dc97b",
      "title": "",
      "fullFile": "cypress\\e2e\\webdriver-uni\\mouse-actions.js",
      "file": "cypress\\e2e\\webdriver-uni\\mouse-actions.js",
      "beforeHooks": [],
      "afterHooks": [],
      "tests": [],
      "suites": [
        {
          "uuid": "4fe7c277-b859-4b1e-bd6a-c0cfb3c10dde",
          "title": "Test mouse actions via webdriveruni",
          "fullFile": "",
          "file": "",
          "beforeHooks": [],
          "afterHooks": [],
          "tests": [
            {
              "title": "Scroll elements into view",
              "fullTitle": "Test mouse actions via webdriveruni Scroll elements into view",
              "timedOut": null,
              "duration": 1407,
              "state": "passed",
              "speed": "fast",
              "pass": true,
              "fail": false,
              "pending": false,
              "context": null,
              "code": "cy.visit(\"/\");\ncy.get('#actions').scrollIntoView().invoke('removeAttr', 'target').click({\n  force: true\n});\ncy.get('#draggable').trigger('mousedown', {\n  which: 1\n});\ncy.get('#droppable').trigger('mousemove').trigger('mouseup', {\n  force: true\n});",
              "err": {},
              "uuid": "335059ad-83e0-481f-8c0e-f66527039c64",
              "parentUUID": "4fe7c277-b859-4b1e-bd6a-c0cfb3c10dde",
              "isHook": false,
              "skipped": false
            },
            {
              "title": "Perform a double mosue click",
              "fullTitle": "Test mouse actions via webdriveruni Perform a double mosue click",
              "timedOut": null,
              "duration": 397,
              "state": "passed",
              "speed": "fast",
              "pass": true,
              "fail": false,
              "pending": false,
              "context": null,
              "code": "cy.visit(\"/\");\ncy.get('#actions').scrollIntoView().invoke('removeAttr', 'target').click({\n  force: true\n});\ncy.get('#double-click').trigger('dblclick');",
              "err": {},
              "uuid": "af2dcacf-065c-48de-bb3a-e2cc35dc5864",
              "parentUUID": "4fe7c277-b859-4b1e-bd6a-c0cfb3c10dde",
              "isHook": false,
              "skipped": false
            },
            {
              "title": "Perform hold down click and validate color",
              "fullTitle": "Test mouse actions via webdriveruni Perform hold down click and validate color",
              "timedOut": null,
              "duration": 389,
              "state": "passed",
              "speed": "fast",
              "pass": true,
              "fail": false,
              "pending": false,
              "context": null,
              "code": "cy.visit(\"/\");\ncy.get('#actions').scrollIntoView().invoke('removeAttr', 'target').click({\n  force: true\n});\ncy.get('#click-box').trigger('mousedown', {\n  which: 1\n}).should('have.css', 'background-color', 'rgb(0, 255, 0)');",
              "err": {},
              "uuid": "446899e4-c0f5-47d9-a507-9f4a5c979b9d",
              "parentUUID": "4fe7c277-b859-4b1e-bd6a-c0cfb3c10dde",
              "isHook": false,
              "skipped": false
            }
          ],
          "suites": [],
          "passes": [
            "335059ad-83e0-481f-8c0e-f66527039c64",
            "af2dcacf-065c-48de-bb3a-e2cc35dc5864",
            "446899e4-c0f5-47d9-a507-9f4a5c979b9d"
          ],
          "failures": [],
          "pending": [],
          "skipped": [],
          "duration": 2193,
          "root": false,
          "rootEmpty": false,
          "_timeout": 2000
        }
      ],
      "passes": [],
      "failures": [],
      "pending": [],
      "skipped": [],
      "duration": 0,
      "root": true,
      "rootEmpty": true,
      "_timeout": 2000
    }
  ],
  "meta": {
    "mocha": {
      "version": "7.0.1"
    },
    "mochawesome": {
      "options": {
        "quiet": false,
        "reportFilename": "mochawesome",
        "saveHtml": false,
        "saveJson": true,
        "consoleReporter": "spec",
        "useInlineDiffs": false,
        "code": true
      },
      "version": "7.1.3"
    },
    "marge": {
      "options": {
        "id": "default",
        "reportDir": "cypress/results/mochawesome",
        "quite": true,
        "overwrite": false,
        "html": false,
        "json": true
      },
      "version": "6.2.0"
    }
  }
}