{
  "stats": {
    "suites": 1,
    "tests": 3,
    "passes": 3,
    "pending": 0,
    "failures": 0,
    "start": "2024-12-08T03:15:59.913Z",
    "end": "2024-12-08T03:16:02.064Z",
    "duration": 2151,
    "testsRegistered": 3,
    "passPercent": 100,
    "pendingPercent": 0,
    "other": 0,
    "hasOther": false,
    "skipped": 0,
    "hasSkipped": false
  },
  "results": [
    {
      "uuid": "4a2acbef-2890-44bd-9a8a-03aaa753c7cd",
      "title": "",
      "fullFile": "cypress\\e2e\\webdriver-uni\\checkboxes.js",
      "file": "cypress\\e2e\\webdriver-uni\\checkboxes.js",
      "beforeHooks": [],
      "afterHooks": [],
      "tests": [],
      "suites": [
        {
          "uuid": "96c8e5b0-20f1-4caa-8cdd-45c6e6e3d113",
          "title": "Verify checkboxes via WebdriverUni",
          "fullFile": "",
          "file": "",
          "beforeHooks": [],
          "afterHooks": [],
          "tests": [
            {
              "title": "Check and validate checkboxes",
              "fullTitle": "Verify checkboxes via WebdriverUni Check and validate checkboxes",
              "timedOut": null,
              "duration": 1348,
              "state": "passed",
              "speed": "fast",
              "pass": true,
              "fail": false,
              "pending": false,
              "context": null,
              "code": "cy.xpath(\"//input[@value='option-1']\").as('option1');\ncy.get('@option1').check().should('be.checked');",
              "err": {},
              "uuid": "c9f9e5cd-5ba8-4916-a681-8c2cff9f85cd",
              "parentUUID": "96c8e5b0-20f1-4caa-8cdd-45c6e6e3d113",
              "isHook": false,
              "skipped": false
            },
            {
              "title": "Uncheck and validate checkboxes",
              "fullTitle": "Verify checkboxes via WebdriverUni Uncheck and validate checkboxes",
              "timedOut": null,
              "duration": 314,
              "state": "passed",
              "speed": "fast",
              "pass": true,
              "fail": false,
              "pending": false,
              "context": null,
              "code": "cy.xpath(\"//input[@value='option-3']\").as('option3');\ncy.get('@option3').uncheck().should('not.be.checked');",
              "err": {},
              "uuid": "7e871159-a3e2-4567-ac0a-96da442c68f4",
              "parentUUID": "96c8e5b0-20f1-4caa-8cdd-45c6e6e3d113",
              "isHook": false,
              "skipped": false
            },
            {
              "title": "Check multiple checkboxes",
              "fullTitle": "Verify checkboxes via WebdriverUni Check multiple checkboxes",
              "timedOut": null,
              "duration": 462,
              "state": "passed",
              "speed": "fast",
              "pass": true,
              "fail": false,
              "pending": false,
              "context": null,
              "code": "cy.get(\"input[type='checkbox']\").check([\"option-1\", \"option-2\", \"option-3\", \"option-4\"]).should('be.checked');",
              "err": {},
              "uuid": "9e8b2d0e-f734-46ed-a421-d135a0ee5f18",
              "parentUUID": "96c8e5b0-20f1-4caa-8cdd-45c6e6e3d113",
              "isHook": false,
              "skipped": false
            }
          ],
          "suites": [],
          "passes": [
            "c9f9e5cd-5ba8-4916-a681-8c2cff9f85cd",
            "7e871159-a3e2-4567-ac0a-96da442c68f4",
            "9e8b2d0e-f734-46ed-a421-d135a0ee5f18"
          ],
          "failures": [],
          "pending": [],
          "skipped": [],
          "duration": 2124,
          "root": false,
          "rootEmpty": false,
          "_timeout": 2000
        }
      ],
      "passes": [],
      "failures": [],
      "pending": [],
      "skipped": [],
      "duration": 0,
      "root": true,
      "rootEmpty": true,
      "_timeout": 2000
    }
  ],
  "meta": {
    "mocha": {
      "version": "7.0.1"
    },
    "mochawesome": {
      "options": {
        "quiet": false,
        "reportFilename": "mochawesome",
        "saveHtml": false,
        "saveJson": true,
        "consoleReporter": "spec",
        "useInlineDiffs": false,
        "code": true
      },
      "version": "7.1.3"
    },
    "marge": {
      "options": {
        "id": "default",
        "reportDir": "cypress/results/mochawesome",
        "quite": true,
        "overwrite": false,
        "html": false,
        "json": true
      },
      "version": "6.2.0"
    }
  }
}