{
  "stats": {
    "suites": 1,
    "tests": 1,
    "passes": 1,
    "pending": 0,
    "failures": 0,
    "start": "2024-12-08T03:16:48.356Z",
    "end": "2024-12-08T03:16:50.254Z",
    "duration": 1898,
    "testsRegistered": 1,
    "passPercent": 100,
    "pendingPercent": 0,
    "other": 0,
    "hasOther": false,
    "skipped": 0,
    "hasSkipped": false
  },
  "results": [
    {
      "uuid": "e4e5a496-6d5a-4191-946a-df68487b601c",
      "title": "",
      "fullFile": "cypress\\e2e\\webdriver-uni\\select-dropdown-list.js",
      "file": "cypress\\e2e\\webdriver-uni\\select-dropdown-list.js",
      "beforeHooks": [],
      "afterHooks": [],
      "tests": [],
      "suites": [
        {
          "uuid": "2d89e2d0-3de0-4fa5-853d-35e21e541970",
          "title": "Interact wwith dropdown list via webdriver uni",
          "fullFile": "",
          "file": "",
          "beforeHooks": [],
          "afterHooks": [],
          "tests": [
            {
              "title": "select specific values via select dropdown list",
              "fullTitle": "Interact wwith dropdown list via webdriver uni select specific values via select dropdown list",
              "timedOut": null,
              "duration": 1877,
              "state": "passed",
              "speed": "fast",
              "pass": true,
              "fail": false,
              "pending": false,
              "context": null,
              "code": "cy.visit(\"/\");\ncy.get('#dropdown-checkboxes-radiobuttons').invoke('removeAttr', 'target').click({\n  force: true\n});\ncy.get(\"#dropdowm-menu-1\").as('firstDropdown');\ncy.get(\"#dropdowm-menu-2\").as('secondDropdown');\ncy.get(\"#dropdowm-menu-3\").as('thirdDropdown');\ncy.get('@firstDropdown').select('c#').should('have.value', 'c#'); //select based on value\ncy.get('@secondDropdown').select(2).should('have.value', 'testng'); //select based on id\ncy.get('@thirdDropdown').select('JQuery').should('have.value', 'jquery'); //select based on text",
              "err": {},
              "uuid": "2102a3bf-5c66-49af-a219-52e261097561",
              "parentUUID": "2d89e2d0-3de0-4fa5-853d-35e21e541970",
              "isHook": false,
              "skipped": false
            }
          ],
          "suites": [],
          "passes": [
            "2102a3bf-5c66-49af-a219-52e261097561"
          ],
          "failures": [],
          "pending": [],
          "skipped": [],
          "duration": 1877,
          "root": false,
          "rootEmpty": false,
          "_timeout": 2000
        }
      ],
      "passes": [],
      "failures": [],
      "pending": [],
      "skipped": [],
      "duration": 0,
      "root": true,
      "rootEmpty": true,
      "_timeout": 2000
    }
  ],
  "meta": {
    "mocha": {
      "version": "7.0.1"
    },
    "mochawesome": {
      "options": {
        "quiet": false,
        "reportFilename": "mochawesome",
        "saveHtml": false,
        "saveJson": true,
        "consoleReporter": "spec",
        "useInlineDiffs": false,
        "code": true
      },
      "version": "7.1.3"
    },
    "marge": {
      "options": {
        "id": "default",
        "reportDir": "cypress/results/mochawesome",
        "quite": true,
        "overwrite": false,
        "html": false,
        "json": true
      },
      "version": "6.2.0"
    }
  }
}