{
  "stats": {
    "suites": 1,
    "tests": 2,
    "passes": 2,
    "pending": 0,
    "failures": 0,
    "start": "2024-12-08T03:16:43.883Z",
    "end": "2024-12-08T03:16:46.022Z",
    "duration": 2139,
    "testsRegistered": 2,
    "passPercent": 100,
    "pendingPercent": 0,
    "other": 0,
    "hasOther": false,
    "skipped": 0,
    "hasSkipped": false
  },
  "results": [
    {
      "uuid": "e8b52b38-725c-4b92-94a1-15bc0d58bdb1",
      "title": "",
      "fullFile": "cypress\\e2e\\webdriver-uni\\radio-buttons.js",
      "file": "cypress\\e2e\\webdriver-uni\\radio-buttons.js",
      "beforeHooks": [],
      "afterHooks": [],
      "tests": [],
      "suites": [
        {
          "uuid": "1fe8c7cf-422d-4319-9658-fde633e1e4c9",
          "title": "Verify radio buttons via WebdriverUni",
          "fullFile": "",
          "file": "",
          "beforeHooks": [],
          "afterHooks": [],
          "tests": [
            {
              "title": "Check and validate individual ratio buttons",
              "fullTitle": "Verify radio buttons via WebdriverUni Check and validate individual ratio buttons",
              "timedOut": null,
              "duration": 1631,
              "state": "passed",
              "speed": "fast",
              "pass": true,
              "fail": false,
              "pending": false,
              "context": null,
              "code": "cy.get(\"#radio-buttons\").find(\"[type='radio']\").first().check().should('be.checked');\ncy.get(\"#radio-buttons\").find(\"[type='radio']\").eq(1).check().should('be.checked');",
              "err": {},
              "uuid": "05f193e9-365a-468e-b73c-55cb44e17a39",
              "parentUUID": "1fe8c7cf-422d-4319-9658-fde633e1e4c9",
              "isHook": false,
              "skipped": false
            },
            {
              "title": "Validate the state of specific radio buttons",
              "fullTitle": "Verify radio buttons via WebdriverUni Validate the state of specific radio buttons",
              "timedOut": null,
              "duration": 492,
              "state": "passed",
              "speed": "fast",
              "pass": true,
              "fail": false,
              "pending": false,
              "context": null,
              "code": "cy.get(\"[value='lettuce']\").should('not.be.checked');\ncy.get(\"[value='pumpkin']\").should('be.checked');\ncy.get(\"[value='lettuce']\").check();\ncy.get(\"[value='lettuce']\").should('be.checked');\ncy.get(\"[value='pumpkin']\").should('not.be.checked');\ncy.get(\"[value='cabbage']\").should('be.disabled');",
              "err": {},
              "uuid": "33d389a4-02c2-436c-be95-f97a75f94ec4",
              "parentUUID": "1fe8c7cf-422d-4319-9658-fde633e1e4c9",
              "isHook": false,
              "skipped": false
            }
          ],
          "suites": [],
          "passes": [
            "05f193e9-365a-468e-b73c-55cb44e17a39",
            "33d389a4-02c2-436c-be95-f97a75f94ec4"
          ],
          "failures": [],
          "pending": [],
          "skipped": [],
          "duration": 2123,
          "root": false,
          "rootEmpty": false,
          "_timeout": 2000
        }
      ],
      "passes": [],
      "failures": [],
      "pending": [],
      "skipped": [],
      "duration": 0,
      "root": true,
      "rootEmpty": true,
      "_timeout": 2000
    }
  ],
  "meta": {
    "mocha": {
      "version": "7.0.1"
    },
    "mochawesome": {
      "options": {
        "quiet": false,
        "reportFilename": "mochawesome",
        "saveHtml": false,
        "saveJson": true,
        "consoleReporter": "spec",
        "useInlineDiffs": false,
        "code": true
      },
      "version": "7.1.3"
    },
    "marge": {
      "options": {
        "id": "default",
        "reportDir": "cypress/results/mochawesome",
        "quite": true,
        "overwrite": false,
        "html": false,
        "json": true
      },
      "version": "6.2.0"
    }
  }
}