{
  "stats": {
    "suites": 1,
    "tests": 1,
    "passes": 0,
    "pending": 0,
    "failures": 1,
    "start": "2024-12-08T03:14:09.401Z",
    "end": "2024-12-08T03:14:14.956Z",
    "duration": 5555,
    "testsRegistered": 1,
    "passPercent": 0,
    "pendingPercent": 0,
    "other": 0,
    "hasOther": false,
    "skipped": 0,
    "hasSkipped": false
  },
  "results": [
    {
      "uuid": "d1a401e5-ab4f-4ce2-9c9f-49c34a600ddc",
      "title": "",
      "fullFile": "cypress\\e2e\\automation-test-store\\alias-invoke.js",
      "file": "cypress\\e2e\\automation-test-store\\alias-invoke.js",
      "beforeHooks": [],
      "afterHooks": [],
      "tests": [],
      "suites": [
        {
          "uuid": "160668ea-5421-43d0-8c3e-4fead7fae22f",
          "title": "Alias and Invoke",
          "fullFile": "",
          "file": "",
          "beforeHooks": [],
          "afterHooks": [],
          "tests": [
            {
              "title": "Calculate total of normal and sales products",
              "fullTitle": "Alias and Invoke Calculate total of normal and sales products",
              "timedOut": null,
              "duration": 3960,
              "state": "failed",
              "speed": null,
              "pass": false,
              "fail": true,
              "pending": false,
              "context": null,
              "code": "cy.visit(\"https://www.automationteststore.com/\");\ncy.get('.thumbnail').as('productThumbnail');\n// cy.get('@productThumbnail').find('.oneprice').each(($el, index, $list) =>{\n//     cy.log($el.text())\n// })\ncy.get('.thumbnail').find('.oneprice').invoke('text').as('itemPriceNonSale');\ncy.get('.thumbnail').find('.pricenew').invoke('text').as('itemPriceSale');\nvar grandTtl = 0;\ncy.get('@itemPriceNonSale').then($linkText => {\n  var itemPriceTotalNonSale = 0;\n  var itemPrice = $linkText.split('$');\n  var i;\n  for (i = 0; i < itemPrice.length; i++) {\n    itemPriceTotalNonSale += Number(itemPrice[i]);\n  }\n  ;\n  cy.log('Non-Sale Items price total: $' + itemPriceTotalNonSale);\n  grandTtl += itemPriceTotalNonSale;\n});\ncy.get('@itemPriceSale').then($linkTextSale => {\n  var itemPriceTotalSalePrice = 0;\n  var itemPriceSale = $linkTextSale.split('$');\n  var i;\n  for (i = 0; i < itemPriceSale.length; i++) {\n    itemPriceTotalSalePrice += Number(itemPriceSale[i]);\n  }\n  ;\n  grandTtl += itemPriceTotalSalePrice;\n  cy.log('Sale Items price total: $' + itemPriceTotalSalePrice);\n}).then(() => {\n  cy.log('The Grand Total is: $' + grandTtl);\n  expect(grandTtl).to.equals(648.5);\n});",
              "err": {
                "message": "AssertionError: expected 573.5 to equal 648.5",
                "estack": "AssertionError: expected 573.5 to equal 648.5\n    at Context.eval (webpack:///./cypress/e2e/automation-test-store/alias-invoke.js:68:32)",
                "diff": "- 573.5\n+ 648.5\n"
              },
              "uuid": "0429539d-d59f-4aa3-b520-6b2a180b6396",
              "parentUUID": "160668ea-5421-43d0-8c3e-4fead7fae22f",
              "isHook": false,
              "skipped": false
            }
          ],
          "suites": [],
          "passes": [],
          "failures": [
            "0429539d-d59f-4aa3-b520-6b2a180b6396"
          ],
          "pending": [],
          "skipped": [],
          "duration": 3960,
          "root": false,
          "rootEmpty": false,
          "_timeout": 2000
        }
      ],
      "passes": [],
      "failures": [],
      "pending": [],
      "skipped": [],
      "duration": 0,
      "root": true,
      "rootEmpty": true,
      "_timeout": 2000
    }
  ],
  "meta": {
    "mocha": {
      "version": "7.0.1"
    },
    "mochawesome": {
      "options": {
        "quiet": false,
        "reportFilename": "mochawesome",
        "saveHtml": false,
        "saveJson": true,
        "consoleReporter": "spec",
        "useInlineDiffs": false,
        "code": true
      },
      "version": "7.1.3"
    },
    "marge": {
      "options": {
        "id": "default",
        "reportDir": "cypress/results/mochawesome",
        "quite": true,
        "overwrite": false,
        "html": false,
        "json": true
      },
      "version": "6.2.0"
    }
  }
}