{
  "stats": {
    "suites": 2,
    "tests": 2,
    "passes": 2,
    "pending": 0,
    "failures": 0,
    "start": "2024-12-08T03:16:17.063Z",
    "end": "2024-12-08T03:16:20.330Z",
    "duration": 3267,
    "testsRegistered": 2,
    "passPercent": 100,
    "pendingPercent": 0,
    "other": 0,
    "hasOther": false,
    "skipped": 0,
    "hasSkipped": false
  },
  "results": [
    {
      "uuid": "ac9f76b1-e013-42b5-b797-a4a25282d395",
      "title": "",
      "fullFile": "cypress\\e2e\\webdriver-uni\\date-picker.js",
      "file": "cypress\\e2e\\webdriver-uni\\date-picker.js",
      "beforeHooks": [],
      "afterHooks": [],
      "tests": [],
      "suites": [
        {
          "uuid": "c3e46a85-7ae4-471a-8bf0-ea2ed0e44e1e",
          "title": "Test date picker via webdriveruni",
          "fullFile": "",
          "file": "",
          "beforeHooks": [],
          "afterHooks": [],
          "tests": [
            {
              "title": "Select date from the date picker",
              "fullTitle": "Test date picker via webdriveruni Select date from the date picker",
              "timedOut": null,
              "duration": 2538,
              "state": "passed",
              "speed": "fast",
              "pass": true,
              "fail": false,
              "pending": false,
              "context": null,
              "code": "cy.get(\".input-group-addon\").click();\nvar date = new Date();\ndate.setDate(date.getDate() + 365);\nvar futureYear = date.getFullYear();\nvar futureMonth = date.toLocaleString(\"default\", {\n  month: \"long\"\n});\nvar futureDay = date.getDate();\ncy.log(futureYear);\ncy.log(futureMonth);\ncy.log(futureDay);\nfunction selectMonthAndYear() {\n  cy.get('.datepicker-dropdown').find('.datepicker-switch').first().then(currentDate => {\n    if (!currentDate.text().includes(futureYear)) {\n      cy.get('.datepicker-dropdown').find('.next').first().click();\n      selectMonthAndYear();\n    } else if (!currentDate.text().includes(futureMonth)) {\n      cy.get('.datepicker-dropdown').find('.next').first().click();\n      selectMonthAndYear();\n    }\n  });\n}\nfunction selectDay() {\n  cy.get('.datepicker-dropdown').find('.day').contains(futureDay).click();\n}\nselectMonthAndYear();\nselectDay();",
              "err": {},
              "uuid": "af52d905-58d2-4ae4-bd2b-76f1b033ff17",
              "parentUUID": "c3e46a85-7ae4-471a-8bf0-ea2ed0e44e1e",
              "isHook": false,
              "skipped": false
            }
          ],
          "suites": [],
          "passes": [
            "af52d905-58d2-4ae4-bd2b-76f1b033ff17"
          ],
          "failures": [],
          "pending": [],
          "skipped": [],
          "duration": 2538,
          "root": false,
          "rootEmpty": false,
          "_timeout": 2000
        },
        {
          "uuid": "179ff2cd-4792-4fb7-ae39-e637e7a8a758",
          "title": "Test date picker via webdriveruni",
          "fullFile": "",
          "file": "",
          "beforeHooks": [],
          "afterHooks": [],
          "tests": [
            {
              "title": "Select date from the date picker",
              "fullTitle": "Test date picker via webdriveruni Select date from the date picker",
              "timedOut": null,
              "duration": 699,
              "state": "passed",
              "speed": "fast",
              "pass": true,
              "fail": false,
              "pending": false,
              "context": null,
              "code": "cy.get(\".input-group-addon\").click();\nvar date = new Date();\ndate.setDate(date.getDate() + 10);\nvar futureYear = date.getFullYear();\nvar futureMonth = date.toLocaleString(\"default\", {\n  month: \"long\"\n});\nvar futureDay = date.getDate();\ncy.log(futureYear);\ncy.log(futureMonth);\ncy.log(futureDay);\nfunction selectMonthAndYear() {\n  cy.get('.datepicker-dropdown').find('.datepicker-switch').first().then(currentDate => {\n    if (!currentDate.text().includes(futureYear)) {\n      cy.get('.datepicker-dropdown').find('.next').first().click();\n      selectMonthAndYear();\n    } else if (!currentDate.text().includes(futureMonth)) {\n      cy.get('.datepicker-dropdown').find('.next').first().click();\n      selectMonthAndYear();\n    }\n  });\n}\nfunction selectDay() {\n  cy.get('.datepicker-dropdown').find('.day').contains(futureDay).click();\n}\nselectMonthAndYear();\nselectDay();",
              "err": {},
              "uuid": "f4144d78-7a4f-4daf-91c1-1f99fa2f1522",
              "parentUUID": "179ff2cd-4792-4fb7-ae39-e637e7a8a758",
              "isHook": false,
              "skipped": false
            }
          ],
          "suites": [],
          "passes": [
            "f4144d78-7a4f-4daf-91c1-1f99fa2f1522"
          ],
          "failures": [],
          "pending": [],
          "skipped": [],
          "duration": 699,
          "root": false,
          "rootEmpty": false,
          "_timeout": 2000
        }
      ],
      "passes": [],
      "failures": [],
      "pending": [],
      "skipped": [],
      "duration": 0,
      "root": true,
      "rootEmpty": true,
      "_timeout": 2000
    }
  ],
  "meta": {
    "mocha": {
      "version": "7.0.1"
    },
    "mochawesome": {
      "options": {
        "quiet": false,
        "reportFilename": "mochawesome",
        "saveHtml": false,
        "saveJson": true,
        "consoleReporter": "spec",
        "useInlineDiffs": false,
        "code": true
      },
      "version": "7.1.3"
    },
    "marge": {
      "options": {
        "id": "default",
        "reportDir": "cypress/results/mochawesome",
        "quite": true,
        "overwrite": false,
        "html": false,
        "json": true
      },
      "version": "6.2.0"
    }
  }
}