{
  "stats": {
    "suites": 1,
    "tests": 4,
    "passes": 4,
    "pending": 0,
    "failures": 0,
    "start": "2024-12-08T03:16:34.204Z",
    "end": "2024-12-08T03:16:37.042Z",
    "duration": 2838,
    "testsRegistered": 4,
    "passPercent": 100,
    "pendingPercent": 0,
    "other": 0,
    "hasOther": false,
    "skipped": 0,
    "hasSkipped": false
  },
  "results": [
    {
      "uuid": "a27e944e-96c2-4a9d-aea3-c12cdbe0b51a",
      "title": "",
      "fullFile": "cypress\\e2e\\webdriver-uni\\js-alerts.js",
      "file": "cypress\\e2e\\webdriver-uni\\js-alerts.js",
      "beforeHooks": [],
      "afterHooks": [],
      "tests": [],
      "suites": [
        {
          "uuid": "d9c45124-aa52-4365-b369-aca80b3f8602",
          "title": "handle JS alerts",
          "fullFile": "",
          "file": "",
          "beforeHooks": [],
          "afterHooks": [],
          "tests": [
            {
              "title": "Alert contains the correct text",
              "fullTitle": "handle JS alerts Alert contains the correct text",
              "timedOut": null,
              "duration": 1447,
              "state": "passed",
              "speed": "fast",
              "pass": true,
              "fail": false,
              "pending": false,
              "context": null,
              "code": "cy.visit(\"/\");\ncy.get('#popup-alerts').invoke('removeAttr', 'target').click({\n  force: true\n});\ncy.get('#button1').click();\ncy.on('window:alert', str => {\n  expect(str).to.equal('I am an alert box!');\n});",
              "err": {},
              "uuid": "9b1dcece-64b8-4310-b8c5-b4b13e6e8b16",
              "parentUUID": "d9c45124-aa52-4365-b369-aca80b3f8602",
              "isHook": false,
              "skipped": false
            },
            {
              "title": "Validate JS confirm alert box works correctly when clicking ok",
              "fullTitle": "handle JS alerts Validate JS confirm alert box works correctly when clicking ok",
              "timedOut": null,
              "duration": 469,
              "state": "passed",
              "speed": "fast",
              "pass": true,
              "fail": false,
              "pending": false,
              "context": null,
              "code": "cy.visit(\"https://www.webdriveruniversity.com/\");\ncy.get('#popup-alerts').invoke('removeAttr', 'target').click({\n  force: true\n});\ncy.get('#button4').click();\ncy.on('window:confirm', str => {\n  return true;\n});\ncy.get('#confirm-alert-text').contains('You pressed OK!');",
              "err": {},
              "uuid": "8e2dd289-0cfc-4e73-9bb2-e1b9daf3cae3",
              "parentUUID": "d9c45124-aa52-4365-b369-aca80b3f8602",
              "isHook": false,
              "skipped": false
            },
            {
              "title": "Validate JS confirm alert box works correctly when clicking cancel",
              "fullTitle": "handle JS alerts Validate JS confirm alert box works correctly when clicking cancel",
              "timedOut": null,
              "duration": 459,
              "state": "passed",
              "speed": "fast",
              "pass": true,
              "fail": false,
              "pending": false,
              "context": null,
              "code": "cy.visit(\"https://www.webdriveruniversity.com/\");\ncy.get('#popup-alerts').invoke('removeAttr', 'target').click({\n  force: true\n});\ncy.get('#button4').click();\ncy.on('window:confirm', str => {\n  return false;\n});\ncy.get('#confirm-alert-text').contains('You pressed Cancel!');",
              "err": {},
              "uuid": "2cc93b8c-b3c1-4824-ac5a-e60fcd30a0bb",
              "parentUUID": "d9c45124-aa52-4365-b369-aca80b3f8602",
              "isHook": false,
              "skipped": false
            },
            {
              "title": "Validate JS confirm alert box using a stub",
              "fullTitle": "handle JS alerts Validate JS confirm alert box using a stub",
              "timedOut": null,
              "duration": 451,
              "state": "passed",
              "speed": "fast",
              "pass": true,
              "fail": false,
              "pending": false,
              "context": null,
              "code": "cy.visit(\"https://www.webdriveruniversity.com/\");\ncy.get('#popup-alerts').invoke('removeAttr', 'target').click({\n  force: true\n});\nconst stub = cy.stub();\ncy.on('window:confirm', stub);\ncy.get('#button4').click().then(() => {\n  expect(stub.getCall(0)).to.be.calledWith('Press a button!');\n}).then(() => {\n  return true;\n}).then(() => {\n  cy.get('#confirm-alert-text').contains('You pressed OK!');\n});\n;",
              "err": {},
              "uuid": "f254cf18-9a2c-405e-8b5f-a659d3fb1692",
              "parentUUID": "d9c45124-aa52-4365-b369-aca80b3f8602",
              "isHook": false,
              "skipped": false
            }
          ],
          "suites": [],
          "passes": [
            "9b1dcece-64b8-4310-b8c5-b4b13e6e8b16",
            "8e2dd289-0cfc-4e73-9bb2-e1b9daf3cae3",
            "2cc93b8c-b3c1-4824-ac5a-e60fcd30a0bb",
            "f254cf18-9a2c-405e-8b5f-a659d3fb1692"
          ],
          "failures": [],
          "pending": [],
          "skipped": [],
          "duration": 2826,
          "root": false,
          "rootEmpty": false,
          "_timeout": 2000
        }
      ],
      "passes": [],
      "failures": [],
      "pending": [],
      "skipped": [],
      "duration": 0,
      "root": true,
      "rootEmpty": true,
      "_timeout": 2000
    }
  ],
  "meta": {
    "mocha": {
      "version": "7.0.1"
    },
    "mochawesome": {
      "options": {
        "quiet": false,
        "reportFilename": "mochawesome",
        "saveHtml": false,
        "saveJson": true,
        "consoleReporter": "spec",
        "useInlineDiffs": false,
        "code": true
      },
      "version": "7.1.3"
    },
    "marge": {
      "options": {
        "id": "default",
        "reportDir": "cypress/results/mochawesome",
        "quite": true,
        "overwrite": false,
        "html": false,
        "json": true
      },
      "version": "6.2.0"
    }
  }
}