{
  "stats": {
    "suites": 1,
    "tests": 2,
    "passes": 2,
    "pending": 0,
    "failures": 0,
    "start": "2024-12-08T03:15:29.899Z",
    "end": "2024-12-08T03:15:44.415Z",
    "duration": 14516,
    "testsRegistered": 2,
    "passPercent": 100,
    "pendingPercent": 0,
    "other": 0,
    "hasOther": false,
    "skipped": 0,
    "hasSkipped": false
  },
  "results": [
    {
      "uuid": "d73fffb0-2702-4efc-ad2e-8ba25614797b",
      "title": "",
      "fullFile": "cypress\\e2e\\other\\same-origin-policy.js",
      "file": "cypress\\e2e\\other\\same-origin-policy.js",
      "beforeHooks": [],
      "afterHooks": [],
      "tests": [],
      "suites": [
        {
          "uuid": "e80af11d-69fa-4829-9777-5791ea155c5b",
          "title": "Cypress web security",
          "fullFile": "",
          "file": "",
          "beforeHooks": [],
          "afterHooks": [],
          "tests": [
            {
              "title": "Validate visiting 2 different domains",
              "fullTitle": "Cypress web security Validate visiting 2 different domains",
              "timedOut": null,
              "duration": 5799,
              "state": "passed",
              "speed": "medium",
              "pass": true,
              "fail": false,
              "pending": false,
              "context": null,
              "code": "cy.visit(\"https://www.automationteststore.com/\");\ncy.visit(\"https://www.google.com/\");",
              "err": {},
              "uuid": "ce696201-1796-4ab8-95bb-0cf7c26695be",
              "parentUUID": "e80af11d-69fa-4829-9777-5791ea155c5b",
              "isHook": false,
              "skipped": false
            },
            {
              "title": "Validate visiting a different domain by clicking on link",
              "fullTitle": "Cypress web security Validate visiting a different domain by clicking on link",
              "timedOut": null,
              "duration": 5720,
              "state": "passed",
              "speed": "medium",
              "pass": true,
              "fail": false,
              "pending": false,
              "context": null,
              "code": "//cy.visit(\"https://www.webdriveruniversity.com/Contact-Us/contactus.html\");\ncy.visit(\"https://www.webdriveruniversity.com/\");\ncy.get('#automation-test-store').invoke('removeAttr', 'target').click({\n  force: true\n});",
              "err": {},
              "uuid": "61a86ffe-8aa3-4a85-842a-25b975b4377b",
              "parentUUID": "e80af11d-69fa-4829-9777-5791ea155c5b",
              "isHook": false,
              "skipped": false
            }
          ],
          "suites": [],
          "passes": [
            "ce696201-1796-4ab8-95bb-0cf7c26695be",
            "61a86ffe-8aa3-4a85-842a-25b975b4377b"
          ],
          "failures": [],
          "pending": [],
          "skipped": [],
          "duration": 11519,
          "root": false,
          "rootEmpty": false,
          "_timeout": 2000
        }
      ],
      "passes": [],
      "failures": [],
      "pending": [],
      "skipped": [],
      "duration": 0,
      "root": true,
      "rootEmpty": true,
      "_timeout": 2000
    }
  ],
  "meta": {
    "mocha": {
      "version": "7.0.1"
    },
    "mochawesome": {
      "options": {
        "quiet": false,
        "reportFilename": "mochawesome",
        "saveHtml": false,
        "saveJson": true,
        "consoleReporter": "spec",
        "useInlineDiffs": false,
        "code": true
      },
      "version": "7.1.3"
    },
    "marge": {
      "options": {
        "id": "default",
        "reportDir": "cypress/results/mochawesome",
        "quite": true,
        "overwrite": false,
        "html": false,
        "json": true
      },
      "version": "6.2.0"
    }
  }
}